[    0.000000] Linux version 4.15.0-144-generic (buildd@lgw01-amd64-031) (gcc version 7.5.0 (Ubuntu 7.5.0-3ubuntu1~18.04)) #148-Ubuntu SMP Sat May 8 02:33:43 UTC 2021 (Ubuntu 4.15.0-144.148-generic 4.15.18)
[    0.000000] Command line: BOOT_IMAGE=/boot/vmlinuz-4.15.0-144-generic root=LABEL=cloudimg-rootfs ro console=tty1 console=ttyS0
[    0.000000] KERNEL supported cpus:
[    0.000000]   Intel GenuineIntel
[    0.000000]   AMD AuthenticAMD
[    0.000000]   Centaur CentaurHauls
[    0.000000] x86/fpu: Supporting XSAVE feature 0x001: 'x87 floating point registers'
[    0.000000] x86/fpu: Supporting XSAVE feature 0x002: 'SSE registers'
[    0.000000] x86/fpu: Supporting XSAVE feature 0x004: 'AVX registers'
[    0.000000] x86/fpu: xstate_offset[2]:  576, xstate_sizes[2]:  256
[    0.000000] x86/fpu: Enabled xstate features 0x7, context size is 832 bytes, using 'standard' format.
[    0.000000] e820: BIOS-provided physical RAM map:
[    0.000000] BIOS-e820: [mem 0x0000000000000000-0x000000000009fbff] usable
[    0.000000] BIOS-e820: [mem 0x000000000009fc00-0x000000000009ffff] reserved
[    0.000000] BIOS-e820: [mem 0x00000000000f0000-0x00000000000fffff] reserved
[    0.000000] BIOS-e820: [mem 0x0000000000100000-0x000000007ffeffff] usable
[    0.000000] BIOS-e820: [mem 0x000000007fff0000-0x000000007fffffff] ACPI data
[    0.000000] BIOS-e820: [mem 0x00000000fec00000-0x00000000fec00fff] reserved
[    0.000000] BIOS-e820: [mem 0x00000000fee00000-0x00000000fee00fff] reserved
[    0.000000] BIOS-e820: [mem 0x00000000fffc0000-0x00000000ffffffff] reserved
[    0.000000] NX (Execute Disable) protection: active
[    0.000000] SMBIOS 2.5 present.
[    0.000000] DMI: innotek GmbH VirtualBox/VirtualBox, BIOS VirtualBox 12/01/2006
[    0.000000] Hypervisor detected: KVM
[    0.000000] e820: last_pfn = 0x7fff0 max_arch_pfn = 0x400000000
[    0.000000] MTRR: Disabled
[    0.000000] x86/PAT: MTRRs disabled, skipping PAT initialization too.
[    0.000000] CPU MTRRs all blank - virtualized system.
[    0.000000] x86/PAT: Configuration [0-7]: WB  WT  UC- UC  WB  WT  UC- UC  
[    0.000000] found SMP MP-table at [mem 0x0009fff0-0x0009ffff]
[    0.000000] Scanning 1 areas for low memory corruption
[    0.000000] RAMDISK: [mem 0x359cf000-0x36cdefff]
[    0.000000] ACPI: Early table checksum verification disabled
[    0.000000] ACPI: RSDP 0x00000000000E0000 000024 (v02 VBOX  )
[    0.000000] ACPI: XSDT 0x000000007FFF0030 00003C (v01 VBOX   VBOXXSDT 00000001 ASL  00000061)
[    0.000000] ACPI: FACP 0x000000007FFF00F0 0000F4 (v04 VBOX   VBOXFACP 00000001 ASL  00000061)
[    0.000000] ACPI: DSDT 0x000000007FFF0470 002325 (v02 VBOX   VBOXBIOS 00000002 INTL 20120111)
[    0.000000] ACPI: FACS 0x000000007FFF0200 000040
[    0.000000] ACPI: FACS 0x000000007FFF0200 000040
[    0.000000] ACPI: APIC 0x000000007FFF0240 00005C (v02 VBOX   VBOXAPIC 00000001 ASL  00000061)
[    0.000000] ACPI: SSDT 0x000000007FFF02A0 0001CC (v01 VBOX   VBOXCPUT 00000002 INTL 20120111)
[    0.000000] No NUMA configuration found
[    0.000000] Faking a node at [mem 0x0000000000000000-0x000000007ffeffff]
[    0.000000] NODE_DATA(0) allocated [mem 0x7ffc5000-0x7ffeffff]
[    0.000000] kvm-clock: cpu 0, msr 0:7ff44001, primary cpu clock
[    0.000000] kvm-clock: Using msrs 4b564d01 and 4b564d00
[    0.000000] kvm-clock: using sched offset of 4251863145 cycles
[    0.000000] clocksource: kvm-clock: mask: 0xffffffffffffffff max_cycles: 0x1cd42e4dffb, max_idle_ns: 881590591483 ns
[    0.000000] Zone ranges:
[    0.000000]   DMA      [mem 0x0000000000001000-0x0000000000ffffff]
[    0.000000]   DMA32    [mem 0x0000000001000000-0x000000007ffeffff]
[    0.000000]   Normal   empty
[    0.000000]   Device   empty
[    0.000000] Movable zone start for each node
[    0.000000] Early memory node ranges
[    0.000000]   node   0: [mem 0x0000000000001000-0x000000000009efff]
[    0.000000]   node   0: [mem 0x0000000000100000-0x000000007ffeffff]
[    0.000000] Reserved but unavailable: 98 pages
[    0.000000] Initmem setup node 0 [mem 0x0000000000001000-0x000000007ffeffff]
[    0.000000] ACPI: PM-Timer IO Port: 0x4008
[    0.000000] IOAPIC[0]: apic_id 2, version 32, address 0xfec00000, GSI 0-23
[    0.000000] ACPI: INT_SRC_OVR (bus 0 bus_irq 0 global_irq 2 dfl dfl)
[    0.000000] ACPI: INT_SRC_OVR (bus 0 bus_irq 9 global_irq 9 low level)
[    0.000000] Using ACPI (MADT) for SMP configuration information
[    0.000000] smpboot: Allowing 2 CPUs, 0 hotplug CPUs
[    0.000000] PM: Registered nosave memory: [mem 0x00000000-0x00000fff]
[    0.000000] PM: Registered nosave memory: [mem 0x0009f000-0x0009ffff]
[    0.000000] PM: Registered nosave memory: [mem 0x000a0000-0x000effff]
[    0.000000] PM: Registered nosave memory: [mem 0x000f0000-0x000fffff]
[    0.000000] e820: [mem 0x80000000-0xfebfffff] available for PCI devices
[    0.000000] Booting paravirtualized kernel on KVM
[    0.000000] clocksource: refined-jiffies: mask: 0xffffffff max_cycles: 0xffffffff, max_idle_ns: 7645519600211568 ns
[    0.000000] random: get_random_bytes called from start_kernel+0x99/0x500 with crng_init=0
[    0.000000] setup_percpu: NR_CPUS:8192 nr_cpumask_bits:2 nr_cpu_ids:2 nr_node_ids:1
[    0.000000] percpu: Embedded 45 pages/cpu s147456 r8192 d28672 u1048576
[    0.000000] PV qspinlock hash table entries: 256 (order: 0, 4096 bytes)
[    0.000000] Built 1 zonelists, mobility grouping on.  Total pages: 515961
[    0.000000] Policy zone: DMA32
[    0.000000] Kernel command line: BOOT_IMAGE=/boot/vmlinuz-4.15.0-144-generic root=LABEL=cloudimg-rootfs ro console=tty1 console=ttyS0
[    0.000000] Memory: 2014908K/2096696K available (12300K kernel code, 2483K rwdata, 4316K rodata, 2448K init, 2724K bss, 81788K reserved, 0K cma-reserved)
[    0.000000] SLUB: HWalign=64, Order=0-3, MinObjects=0, CPUs=2, Nodes=1
[    0.000000] Kernel/User page tables isolation: enabled
[    0.000000] ftrace: allocating 39453 entries in 155 pages
[    0.004000] Hierarchical RCU implementation.
[    0.004000] 	RCU restricting CPUs from NR_CPUS=8192 to nr_cpu_ids=2.
[    0.004000] 	Tasks RCU enabled.
[    0.004000] RCU: Adjusting geometry for rcu_fanout_leaf=16, nr_cpu_ids=2
[    0.004000] NR_IRQS: 524544, nr_irqs: 440, preallocated irqs: 16
[    0.004000] Console: colour VGA+ 80x25
[    0.004000] console [tty1] enabled
[    0.004000] console [ttyS0] enabled
[    0.004000] ACPI: Core revision 20170831
[    0.004000] ACPI: 2 ACPI AML tables successfully acquired and loaded
[    0.004000] APIC: Switch to symmetric I/O mode setup
[    0.004000] x2apic enabled
[    0.004000] Switched APIC routing to physical x2apic.
[    0.004000] ..TIMER: vector=0x30 apic1=0 pin1=2 apic2=-1 pin2=-1
[    0.004004] tsc: Detected 3099.998 MHz processor
[    0.005319] Calibrating delay loop (skipped) preset value.. 6199.99 BogoMIPS (lpj=12399992)
[    0.008002] pid_max: default: 32768 minimum: 301
[    0.009031] Security Framework initialized
[    0.009941] Yama: becoming mindful.
[    0.012019] AppArmor: AppArmor initialized
[    0.014600] Dentry cache hash table entries: 262144 (order: 9, 2097152 bytes)
[    0.017409] Inode-cache hash table entries: 131072 (order: 8, 1048576 bytes)
[    0.019142] Mount-cache hash table entries: 4096 (order: 3, 32768 bytes)
[    0.020010] Mountpoint-cache hash table entries: 4096 (order: 3, 32768 bytes)
[    0.021757] Last level iTLB entries: 4KB 64, 2MB 8, 4MB 8
[    0.024002] Last level dTLB entries: 4KB 64, 2MB 0, 4MB 0, 1GB 4
[    0.025295] Spectre V1 : Mitigation: usercopy/swapgs barriers and __user pointer sanitization
[    0.027274] Spectre V2 : Mitigation: Full generic retpoline
[    0.028002] Spectre V2 : Spectre v2 / SpectreRSB mitigation: Filling RSB on context switch
[    0.029769] Speculative Store Bypass: Vulnerable
[    0.030812] SRBDS: Unknown: Dependent on hypervisor status
[    0.032002] MDS: Mitigation: Clear CPU buffers
[    0.033133] Freeing SMP alternatives memory: 36K
[    0.144730] smpboot: CPU0: Intel(R) Core(TM) i7-5557U CPU @ 3.10GHz (family: 0x6, model: 0x3d, stepping: 0x4)
[    0.148130] Performance Events: unsupported p6 CPU model 61 no PMU driver, software events only.
[    0.152072] Hierarchical SRCU implementation.
[    0.154667] NMI watchdog: Perf event create on CPU 0 failed with -2
[    0.156006] NMI watchdog: Perf NMI watchdog permanently disabled
[    0.160132] smp: Bringing up secondary CPUs ...
[    0.162295] x86: Booting SMP configuration:
[    0.164005] .... node  #0, CPUs:      #1
[    0.004000] kvm-clock: cpu 1, msr 0:7ff44041, secondary cpu clock
[    0.172066] smp: Brought up 1 node, 2 CPUs
[    0.173938] smpboot: Max logical packages: 1
[    0.176017] smpboot: Total of 2 processors activated (12399.99 BogoMIPS)
[    0.180209] devtmpfs: initialized
[    0.181638] x86/mm: Memory block size: 128MB
[    0.184292] evm: security.selinux
[    0.185959] evm: security.SMACK64
[    0.188046] evm: security.SMACK64EXEC
[    0.189877] evm: security.SMACK64TRANSMUTE
[    0.191651] evm: security.SMACK64MMAP
[    0.192005] evm: security.apparmor
[    0.193399] evm: security.ima
[    0.196004] evm: security.capability
[    0.198127] clocksource: jiffies: mask: 0xffffffff max_cycles: 0xffffffff, max_idle_ns: 7645041785100000 ns
[    0.200016] futex hash table entries: 512 (order: 3, 32768 bytes)
[    0.201419] pinctrl core: initialized pinctrl subsystem
[    0.204094] RTC time: 13:21:11, date: 08/17/22
[    0.205418] NET: Registered protocol family 16
[    0.206848] audit: initializing netlink subsys (disabled)
[    0.208032] audit: type=2000 audit(1660742477.301:1): state=initialized audit_enabled=0 res=1
[    0.212056] cpuidle: using governor ladder
[    0.213371] cpuidle: using governor menu
[    0.216055] ACPI: bus type PCI registered
[    0.217202] acpiphp: ACPI Hot Plug PCI Controller Driver version: 0.5
[    0.218706] PCI: Using configuration type 1 for base access
[    0.221156] HugeTLB registered 2.00 MiB page size, pre-allocated 0 pages
[    0.224076] ACPI: Added _OSI(Module Device)
[    0.225800] ACPI: Added _OSI(Processor Device)
[    0.226776] ACPI: Added _OSI(3.0 _SCP Extensions)
[    0.228006] ACPI: Added _OSI(Processor Aggregator Device)
[    0.229409] ACPI: Added _OSI(Linux-Dell-Video)
[    0.230510] ACPI: Added _OSI(Linux-Lenovo-NV-HDMI-Audio)
[    0.232011] ACPI: Added _OSI(Linux-HPI-Hybrid-Graphics)
[    0.233547] ACPI: Executed 1 blocks of module-level executable AML code
[    0.238255] ACPI: Interpreter enabled
[    0.239174] ACPI: (supports S0 S5)
[    0.240003] ACPI: Using IOAPIC for interrupt routing
[    0.241275] PCI: Using host bridge windows from ACPI; if necessary, use "pci=nocrs" and report a bug
[    0.243736] ACPI: Enabled 2 GPEs in block 00 to 07
[    0.252000] ACPI: PCI Root Bridge [PCI0] (domain 0000 [bus 00-ff])
[    0.252007] acpi PNP0A03:00: _OSC: OS supports [ASPM ClockPM Segments MSI]
[    0.253877] acpi PNP0A03:00: _OSC: not requesting OS control; OS requires [ExtendedConfig ASPM ClockPM MSI]
[    0.256014] acpi PNP0A03:00: fail to add MMCONFIG information, can't access extended PCI configuration space under this bridge.
[    0.260546] PCI host bridge to bus 0000:00
[    0.261466] pci_bus 0000:00: root bus resource [io  0x0000-0x0cf7 window]
[    0.262904] pci_bus 0000:00: root bus resource [io  0x0d00-0xffff window]
[    0.264003] pci_bus 0000:00: root bus resource [mem 0x000a0000-0x000bffff window]
[    0.265638] pci_bus 0000:00: root bus resource [mem 0x80000000-0xfdffffff window]
[    0.268004] pci_bus 0000:00: root bus resource [bus 00-ff]
[    0.272681] pci 0000:00:01.1: legacy IDE quirk: reg 0x10: [io  0x01f0-0x01f7]
[    0.274232] pci 0000:00:01.1: legacy IDE quirk: reg 0x14: [io  0x03f6]
[    0.275651] pci 0000:00:01.1: legacy IDE quirk: reg 0x18: [io  0x0170-0x0177]
[    0.276004] pci 0000:00:01.1: legacy IDE quirk: reg 0x1c: [io  0x0376]
[    0.310228] pci 0000:00:07.0: quirk: [io  0x4000-0x403f] claimed by PIIX4 ACPI
[    0.312025] pci 0000:00:07.0: quirk: [io  0x4100-0x410f] claimed by PIIX4 SMB
[    0.336680] ACPI: PCI Interrupt Link [LNKA] (IRQs 5 9 10 *11)
[    0.339198] ACPI: PCI Interrupt Link [LNKB] (IRQs 5 9 *10 11)
[    0.340156] ACPI: PCI Interrupt Link [LNKC] (IRQs 5 *9 10 11)
[    0.342164] ACPI: PCI Interrupt Link [LNKD] (IRQs 5 9 10 *11)
[    0.344452] SCSI subsystem initialized
[    0.345508] pci 0000:00:02.0: vgaarb: setting as boot VGA device
[    0.345605] pci 0000:00:02.0: vgaarb: VGA device added: decodes=io+mem,owns=io+mem,locks=none
[    0.348006] pci 0000:00:02.0: vgaarb: bridge control possible
[    0.349233] vgaarb: loaded
[    0.352027] ACPI: bus type USB registered
[    0.352931] usbcore: registered new interface driver usbfs
[    0.354128] usbcore: registered new interface driver hub
[    0.355272] usbcore: registered new device driver usb
[    0.356052] EDAC MC: Ver: 3.0.0
[    0.357204] PCI: Using ACPI for IRQ routing
[    0.357331] NetLabel: Initializing
[    0.360003] NetLabel:  domain hash size = 128
[    0.360966] NetLabel:  protocols = UNLABELED CIPSOv4 CALIPSO
[    0.362200] NetLabel:  unlabeled traffic allowed by default
[    0.363424] clocksource: Switched to clocksource kvm-clock
[    0.372993] VFS: Disk quotas dquot_6.6.0
[    0.374065] VFS: Dquot-cache hash table entries: 512 (order 0, 4096 bytes)
[    0.375605] AppArmor: AppArmor Filesystem Enabled
[    0.376696] pnp: PnP ACPI init
[    0.378791] pnp: PnP ACPI: found 3 devices
[    0.387908] clocksource: acpi_pm: mask: 0xffffff max_cycles: 0xffffff, max_idle_ns: 2085701024 ns
[    0.390465] NET: Registered protocol family 2
[    0.391926] TCP established hash table entries: 16384 (order: 5, 131072 bytes)
[    0.394203] TCP bind hash table entries: 16384 (order: 6, 262144 bytes)
[    0.395773] TCP: Hash tables configured (established 16384 bind 16384)
[    0.398787] UDP hash table entries: 1024 (order: 3, 32768 bytes)
[    0.400120] UDP-Lite hash table entries: 1024 (order: 3, 32768 bytes)
[    0.401600] NET: Registered protocol family 1
[    0.402968] pci 0000:00:00.0: Limiting direct PCI/PCI transfers
[    0.404287] pci 0000:00:01.0: Activating ISA DMA hang workarounds
[    0.405654] pci 0000:00:02.0: Video device with shadowed ROM at [mem 0x000c0000-0x000dffff]
[    0.407572] Unpacking initramfs...
[    0.659313] Freeing initrd memory: 19520K
[    0.660586] clocksource: tsc: mask: 0xffffffffffffffff max_cycles: 0x2caf45e6a57, max_idle_ns: 440795365367 ns
[    0.663072] platform rtc_cmos: registered platform RTC device (no PNP device found)
[    0.664978] Scanning for low memory corruption every 60 seconds
[    0.666808] Initialise system trusted keyrings
[    0.668019] Key type blacklist registered
[    0.669024] workingset: timestamp_bits=36 max_order=19 bucket_order=0
[    0.671227] zbud: loaded
[    0.673507] squashfs: version 4.0 (2009/01/31) Phillip Lougher
[    0.675202] fuse init (API version 7.26)
[    0.677910] Key type asymmetric registered
[    0.678841] Asymmetric key parser 'x509' registered
[    0.679954] Block layer SCSI generic (bsg) driver version 0.4 loaded (major 246)
[    0.681735] io scheduler noop registered
[    0.682609] io scheduler deadline registered
[    0.683576] io scheduler cfq registered (default)
[    0.685223] ACPI: AC Adapter [AC] (on-line)
[    0.686463] input: Power Button as /devices/LNXSYSTM:00/LNXPWRBN:00/input/input0
[    0.688298] ACPI: Power Button [PWRF]
[    0.689208] input: Sleep Button as /devices/LNXSYSTM:00/LNXSLPBN:00/input/input1
[    0.690810] ACPI: Sleep Button [SLPF]
[    0.693077] ACPI: Battery Slot [BAT0] (battery present)
[    0.694528] Serial: 8250/16550 driver, 32 ports, IRQ sharing enabled
[    0.717165] 00:02: ttyS0 at I/O 0x3f8 (irq = 4, base_baud = 115200) is a 16550A
[    0.721799] Linux agpgart interface v0.103
[    0.723932] loop: module loaded
[    0.725200] scsi host0: ata_piix
[    0.726049] scsi host1: ata_piix
[    0.726820] ata1: PATA max UDMA/33 cmd 0x1f0 ctl 0x3f6 bmdma 0xd000 irq 14
[    0.728660] ata2: PATA max UDMA/33 cmd 0x170 ctl 0x376 bmdma 0xd008 irq 15
[    0.730309] libphy: Fixed MDIO Bus: probed
[    0.731243] tun: Universal TUN/TAP device driver, 1.6
[    0.732530] PPP generic driver version 2.4.2
[    0.733850] ehci_hcd: USB 2.0 'Enhanced' Host Controller (EHCI) Driver
[    0.735255] ehci-pci: EHCI PCI platform driver
[    0.736319] ehci-platform: EHCI generic platform driver
[    0.737459] ohci_hcd: USB 1.1 'Open' Host Controller (OHCI) Driver
[    0.738932] ohci-pci: OHCI PCI platform driver
[    0.740172] ohci-platform: OHCI generic platform driver
[    0.741434] uhci_hcd: USB Universal Host Controller Interface driver
[    0.742858] i8042: PNP: PS/2 Controller [PNP0303:PS2K,PNP0f03:PS2M] at 0x60,0x64 irq 1,12
[    0.745609] serio: i8042 KBD port at 0x60,0x64 irq 1
[    0.747086] serio: i8042 AUX port at 0x60,0x64 irq 12
[    0.748835] mousedev: PS/2 mouse device common for all mice
[    0.750778] rtc_cmos rtc_cmos: rtc core: registered rtc_cmos as rtc0
[    0.752446] input: AT Translated Set 2 keyboard as /devices/platform/i8042/serio0/input/input2
[    0.754957] rtc_cmos rtc_cmos: alarms up to one day, 114 bytes nvram
[    0.757004] i2c /dev entries driver
[    0.758066] device-mapper: uevent: version 1.0.3
[    0.759720] device-mapper: ioctl: 4.37.0-ioctl (2017-09-20) initialised: dm-devel@redhat.com
[    0.761833] ledtrig-cpu: registered to indicate activity on CPUs
[    0.763719] NET: Registered protocol family 10
[    0.768073] Segment Routing with IPv6
[    0.768941] NET: Registered protocol family 17
[    0.769981] Key type dns_resolver registered
[    0.771109] mce: Using 0 MCE banks
[    0.772063] RAS: Correctable Errors collector initialized.
[    0.773356] sched_clock: Marking stable (773327289, 0)->(966585257, -193257968)
[    0.775347] registered taskstats version 1
[    0.776314] Loading compiled-in X.509 certificates
[    0.779355] Loaded X.509 cert 'Build time autogenerated kernel key: 1e5516648b223d94d04ce7d99e6048c9b3ebcb77'
[    0.782119] Loaded X.509 cert 'Canonical Ltd. Live Patch Signing: 14df34d1a87cf37625abec039ef2bf521249b969'
[    0.784776] Loaded X.509 cert 'Canonical Ltd. Kernel Module Signing: 88f752e560a1e0737e31163a466ad7b70a850c19'
[    0.787118] zswap: loaded using pool lzo/zbud
[    0.791045] Key type big_key registered
[    0.791947] Key type trusted registered
[    0.794732] Key type encrypted registered
[    0.795646] AppArmor: AppArmor sha1 policy hashing enabled
[    0.796885] ima: No TPM chip found, activating TPM-bypass! (rc=-19)
[    0.798227] ima: Allocated hash algorithm: sha1
[    0.799233] evm: HMAC attrs: 0x1
[    0.800333]   Magic number: 2:491:382
[    0.801244] rtc_cmos rtc_cmos: setting system clock to 2022-08-17 13:21:12 UTC (1660742472)
[    0.803144] BIOS EDD facility v0.16 2004-Jun-25, 0 devices found
[    0.804696] EDD information not available.
[    0.914565] Freeing unused kernel image memory: 2448K
[    0.928840] Write protecting the kernel read-only data: 20480k
[    0.932435] Freeing unused kernel image memory: 2008K
[    0.934036] Freeing unused kernel image memory: 1828K
[    0.941002] x86/mm: Checked W+X mappings: passed, no W+X pages found.
[    0.942776] x86/mm: Checking user space page tables
[    0.949117] x86/mm: Checked W+X mappings: passed, no W+X pages found.
Loading, please wait...
starting version 237
[    1.009713] Fusion MPT base driver 3.04.20
[    1.010994] Copyright (c) 1999-2008 LSI Corporation
[    1.013151] e1000: Intel(R) PRO/1000 Network Driver - version 7.3.21-k8-NAPI
[    1.024359] e1000: Copyright (c) 1999-2006 Intel Corporation.
[    1.030271] Fusion MPT SPI Host driver 3.04.20
[    1.043278] mptbase: ioc0: Initiating bringup
[    1.049041] AVX2 version of gcm_enc/dec engaged.
[    1.050473] AES CTR mode by8 optimization enabled
[    1.149418] ioc0: LSI53C1030 A0: Capabilities={Initiator}
[    1.244670] input: ImExPS/2 Generic Explorer Mouse as /devices/platform/i8042/serio1/input/input4
[    1.394846] scsi host2: ioc0: LSI53C1030 A0, FwRev=00000000h, Ports=1, MaxQ=256, IRQ=20
[    1.565284] scsi 2:0:0:0: Direct-Access     VBOX     HARDDISK         1.0  PQ: 0 ANSI: 5
[    1.596484] scsi target2:0:0: Beginning Domain Validation
[    1.599626] scsi target2:0:0: Domain Validation skipping write tests
[    1.601313] scsi target2:0:0: Ending Domain Validation
[    1.603317] scsi target2:0:0: asynchronous
[    1.623830] scsi 2:0:1:0: Direct-Access     VBOX     HARDDISK         1.0  PQ: 0 ANSI: 5
[    1.663967] scsi target2:0:1: Beginning Domain Validation
[    1.677282] random: fast init done
[    1.679438] scsi target2:0:1: Domain Validation skipping write tests
[    1.681357] scsi target2:0:1: Ending Domain Validation
[    1.683076] scsi target2:0:1: asynchronous
[    1.690641] random: systemd-udevd: uninitialized urandom read (16 bytes read)
[    1.690659] sd 2:0:0:0: Attached scsi generic sg0 type 0
[    1.692381] random: systemd-udevd: uninitialized urandom read (16 bytes read)
[    1.696052] random: systemd-udevd: uninitialized urandom read (16 bytes read)
[    1.697766] sd 2:0:0:0: [sda] 83886080 512-byte logical blocks: (42.9 GB/40.0 GiB)
[    1.699767] sd 2:0:0:0: [sda] Write Protect is off
[    1.701005] sd 2:0:1:0: [sdb] 20480 512-byte logical blocks: (10.5 MB/10.0 MiB)
[    1.702785] sd 2:0:1:0: [sdb] Write Protect is off
[    1.704340] sd 2:0:0:0: [sda] Incomplete mode parameter data
[    1.706026] sd 2:0:0:0: [sda] Assuming drive cache: write through
[    1.707132] sd 2:0:1:0: Attached scsi generic sg1 type 0
[    1.710091] sd 2:0:1:0: [sdb] Incomplete mode parameter data
[    1.711827] sd 2:0:1:0: [sdb] Assuming drive cache: write through
[    1.716271]  sda: sda1
[    1.717828] sd 2:0:0:0: [sda] Attached SCSI disk
[    1.719780] sd 2:0:1:0: [sdb] Attached SCSI disk
[    2.080724] e1000 0000:00:03.0 eth0: (PCI:33MHz:32-bit) 02:98:b0:9b:6c:78
[    2.082632] e1000 0000:00:03.0 eth0: Intel(R) PRO/1000 Network Connection
[    2.696720] e1000 0000:00:08.0 eth1: (PCI:33MHz:32-bit) 08:00:27:d2:38:19
[    2.698908] e1000 0000:00:08.0 eth1: Intel(R) PRO/1000 Network Connection
[    2.701582] e1000 0000:00:03.0 enp0s3: renamed from eth0
[    2.733974] e1000 0000:00:08.0 enp0s8: renamed from eth1
Begin: Loading essential drivers ... [    4.188073] raid6: sse2x1   gen()  9140 MB/s
[    4.236070] raid6: sse2x1   xor()  7792 MB/s
[    4.284087] raid6: sse2x2   gen() 13027 MB/s
[    4.332076] raid6: sse2x2   xor()  7997 MB/s
[    4.380582] raid6: sse2x4   gen() 14502 MB/s
[    4.428116] raid6: sse2x4   xor()  9256 MB/s
[    4.476071] raid6: avx2x1   gen() 20670 MB/s
[    4.531307] raid6: avx2x1   xor()  6474 MB/s
[    4.584111] raid6: avx2x2   gen()  9720 MB/s
[    4.632292] raid6: avx2x2   xor()  1650 MB/s
[    4.684102] raid6: avx2x4   gen() 12901 MB/s
[    4.732052] raid6: avx2x4   xor() 12272 MB/s
[    4.735258] raid6: using algorithm avx2x1 gen() 20670 MB/s
[    4.736787] raid6: .... xor() 6474 MB/s, rmw enabled
[    4.737877] raid6: using avx2x2 recovery algorithm
[    4.739953] xor: automatically using best checksumming function   avx       
[    4.744123] async_tx: api initialized (async)
done.
Begin: Running /scripts/init-premount ... done.
Begin: Mounting root file system ... Begin: Running /scripts/local-top ... done.
Begin: Running /scripts/local-premount ... [    4.804318] Btrfs loaded, crc32c=crc32c-intel
Scanning for Btrfs filesystems
done.
Warning: fsck not present, so skipping root file system
[    4.841090] EXT4-fs (sda1): mounted filesystem with ordered data mode. Opts: (null)
done.
Begin: Running /scripts/local-bottom ... done.
Begin: Running /scripts/init-bottom ... done.
[    4.974578] ip_tables: (C) 2000-2006 Netfilter Core Team
[    4.985850] systemd[1]: systemd 237 running in system mode. (+PAM +AUDIT +SELINUX +IMA +APPARMOR +SMACK +SYSVINIT +UTMP +LIBCRYPTSETUP +GCRYPT +GNUTLS +ACL +XZ +LZ4 +SECCOMP +BLKID +ELFUTILS +KMOD -IDN2 +IDN -PCRE2 default-hierarchy=hybrid)
[    4.990457] systemd[1]: Detected virtualization oracle.
[    4.991616] systemd[1]: Detected architecture x86-64.

Welcome to [1mUbuntu 18.04.5 LTS[0m!

[    5.008633] systemd[1]: Set hostname to <ubuntu>.
[    5.013504] systemd[1]: Initializing machine ID from random generator.
[    5.015187] systemd[1]: Installed transient /etc/machine-id file.
[    5.260557] systemd[1]: Set up automount Arbitrary Executable File Formats File System Automount Point.
[[0;32m  OK  [0m] Set up automount Arbitrary Executab…rmats File System Automount Point.
[    5.266477] systemd[1]: Started Forward Password Requests to Wall Directory Watch.
[[0;32m  OK  [0m] Started Forward Password Requests to Wall Directory Watch.
[    5.270751] systemd[1]: Reached target User and Group Name Lookups.
[[0;32m  OK  [0m] Reached target User and Group Name Lookups.
[    5.273310] systemd[1]: Reached target Swap.
[[0;32m  OK  [0m] Reached target Swap.
[[0;32m  OK  [0m] Created slice User and Session Slice.
[[0;32m  OK  [0m] Created slice System Slice.
[[0;32m  OK  [0m] Listening on fsck to fsckd communication Socket.
[[0;32m  OK  [0m] Listening on Syslog Socket.
[[0;32m  OK  [0m] Listening on Journal Socket (/dev/log).
[[0;32m  OK  [0m] Listening on Journal Audit Socket.
[[0;32m  OK  [0m] Listening on udev Control Socket.
[[0;32m  OK  [0m] Listening on /dev/initctl Compatibility Named Pipe.
[[0;32m  OK  [0m] Listening on Journal Socket.
         Starting Journal Service...
         Starting File System Check on Root Device...
         Starting Set the console keyboard layout...
         Starting Load Kernel Modules...
         Mounting Kernel Debug File System...
         Mounting POSIX Message Queue File System...
         Mounting Huge Pages File System...
[[0;32m  OK  [0m] Listening on LVM2 poll daemon socket.
[[0;32m  OK  [0m] Listening on Network Service Netlink Socket.
         Starting Create list of required st…ce nodes for the current kernel...
[[0;32m  OK  [0m] Created slice system-serial\x2dgetty.slice.
[[0;32m  OK  [0m] Listening on udev Kernel Socket.
         Starting udev Coldplug all Devices...
[    5.373684] Loading iSCSI transport class v2.0-870.
[    5.379358] iscsi: registered transport (tcp)
         Starting Uncomplicated firewall...
[[0;32m  OK  [0m] Listening on Device-mapper event daemon FIFOs.
[[0;32m  OK  [0m] Reached target Slices.
[[0;32m  OK  [0m] Reached target System Time Synchronized.
[[0;32m  OK  [0m] Listening on LVM2 metadata daemon socket.
         Starting Monitoring of LVM2 mirrors…ng dmeventd or progress polling...
[[0;32m  OK  [0m] Started Journal Service.
[[0;32m  OK  [0m] Mounted Kernel Debug File System.
[[0;32m  OK  [0m] Mounted POSIX Message Queue File System.
[    5.439506] iscsi: registered transport (iser)
[[0;32m  OK  [0m] Mounted Huge Pages File System.
[[0;32m  OK  [0m] Started File System Check on Root Device.
[[0;32m  OK  [0m] Started Load Kernel Modules.
[[0;32m  OK  [0m] Started Create list of required sta…vice nodes for the current kernel.
[[0;32m  OK  [0m] Started Uncomplicated firewall.
[[0;32m  OK  [0m] Started File System Check Daemon to report status.
         Starting Create Static Device Nodes in /dev...
         Mounting Kernel Configuration File System...
         Mounting FUSE Control File System...
         Starting Apply Kernel Variables...
         Starting Remount Root and Kernel File Systems...
[[0;32m  OK  [0m] Mounted Kernel Configuration File System.
[[0;32m  OK  [0m] Mounted FUSE Control File System.
[[0;32m  OK  [0m] Started LVM2 metadata daemon.
[[0;32m  OK  [0m] Started Create Static Device Nodes in /dev.
[[0;32m  OK  [0m] Started udev Coldplug all Devices.
[[0;32m  OK  [0m] Started Remount Root and Kernel File Systems.
[[0;32m  OK  [0m] Started Apply Kernel Variables.
         Starting Flush Journal to Persistent Storage...
         Starting udev Kernel Device Manager...
         Starting Load/Save Random Seed...
[[0;32m  OK  [0m] Started Set the console keyboard layout.
[[0;32m  OK  [0m] Started Load/Save Random Seed.
[[0;32m  OK  [0m] Started udev Kernel Device Manager.
[[0;32m  OK  [0m] Started Dispatch Password Requests to Console Directory Watch.
[[0;32m  OK  [0m] Reached target Local Encrypted Volumes.
[[0;32m  OK  [0m] Started Monitoring of LVM2 mirrors,…sing dmeventd or progress polling.
[[0;32m  OK  [0m] Reached target Local File Systems (Pre).
[[0;32m  OK  [0m] Reached target Local File Systems.
         Starting AppArmor initialization...
         Starting Commit a transient machine-id on disk...
         Starting Tell Plymouth To Write Out Runtime Data...
         Starting ebtables ruleset management...
         Starting Set console font and keymap...
[[0;32m  OK  [0m] Started Flush Journal to Persistent Storage.
         Starting Create Volatile Files and Directories...
[[0;32m  OK  [0m] Started Tell Plymouth To Write Out Runtime Data.
[[0;32m  OK  [0m] Started Commit a transient machine-id on disk.
[[0;32m  OK  [0m] Started Set console font and keymap.
[[0;32m  OK  [0m] Started Create Volatile Files and Directories.
         Starting Update UTMP about System Boot/Shutdown...
[[0;32m  OK  [0m] Started Update UTMP about System Boot/Shutdown.
[[0;32m  OK  [0m] Started ebtables ruleset management.
[[0;32m  OK  [0m] Found device /dev/ttyS0.
[[0;32m  OK  [0m] Listening on Load/Save RF Kill Switch Status /dev/rfkill Watch.
[[0;32m  OK  [0m] Started AppArmor initialization.
         Starting Load AppArmor profiles managed internally by snapd...
         Starting Initial cloud-init job (pre-networking)...
[[0;32m  OK  [0m] Started Load AppArmor profiles managed internally by snapd.
[    8.404335] cloud-init[578]: Cloud-init v. 21.1-19-gbad84ad4-0ubuntu1~18.04.2 running 'init-local' at Wed, 17 Aug 2022 13:21:19 +0000. Up 8.00 seconds.
[[0;32m  OK  [0m] Started Initial cloud-init job (pre-networking).
[[0;32m  OK  [0m] Reached target Network (Pre).
         Starting Network Service...
[[0;32m  OK  [0m] Started Network Service.
         Starting Wait for Network to be Configured...
         Starting Network Name Resolution...
[[0;32m  OK  [0m] Started Network Name Resolution.
[[0;32m  OK  [0m] Reached target Network.
[[0;32m  OK  [0m] Reached target Host and Network Name Lookups.
[[0;32m  OK  [0m] Started Wait for Network to be Configured.
         Starting Initial cloud-init job (metadata service crawler)...
[   10.808856] cloud-init[673]: Cloud-init v. 21.1-19-gbad84ad4-0ubuntu1~18.04.2 running 'init' at Wed, 17 Aug 2022 13:21:22 +0000. Up 10.66 seconds.
[   10.811734] cloud-init[673]: ci-info: ++++++++++++++++++++++++++++++++++++++Net device info+++++++++++++++++++++++++++++++++++++++
[   10.815042] cloud-init[673]: ci-info: +--------+-------+----------------------------+---------------+--------+-------------------+
[   10.818433] cloud-init[673]: ci-info: | Device |   Up  |          Address           |      Mask     | Scope  |     Hw-Address    |
[   10.821322] cloud-init[673]: ci-info: +--------+-------+----------------------------+---------------+--------+-------------------+
[   10.824167] cloud-init[673]: ci-info: | enp0s3 |  True |         10.0.2.15          | 255.255.255.0 | global | 02:98:b0:9b:6c:78 |
[   10.827524] cloud-init[673]: ci-info: | enp0s3 |  True | fe80::98:b0ff:fe9b:6c78/64 |       .       |  link  | 02:98:b0:9b:6c:78 |
[   10.830319] cloud-init[673]: ci-info: | enp0s8 | False |             .              |       .       |   .    | 08:00:27:d2:38:19 |
[   10.832889] cloud-init[673]: ci-info: |   lo   |  True |         127.0.0.1          |   255.0.0.0   |  host  |         .         |
[   10.835111] cloud-init[673]: ci-info: |   lo   |  True |          ::1/128           |       .       |  host  |         .         |
[   10.839197] cloud-init[673]: ci-info: +--------+-------+----------------------------+---------------+--------+-------------------+
[   10.842421] cloud-init[673]: ci-info: ++++++++++++++++++++++++++++Route IPv4 info+++++++++++++++++++++++++++++
[   10.845423] cloud-init[673]: ci-info: +-------+-------------+----------+-----------------+-----------+-------+
[   10.846741] cloud-init[673]: ci-info: | Route | Destination | Gateway  |     Genmask     | Interface | Flags |
[   10.848922] cloud-init[673]: ci-info: +-------+-------------+----------+-----------------+-----------+-------+
[   10.850854] cloud-init[673]: ci-info: |   0   |   0.0.0.0   | 10.0.2.2 |     0.0.0.0     |   enp0s3  |   UG  |
[   10.852572] cloud-init[673]: ci-info: |   1   |   10.0.2.0  | 0.0.0.0  |  255.255.255.0  |   enp0s3  |   U   |
[   10.854598] cloud-init[673]: ci-info: |   2   |   10.0.2.2  | 0.0.0.0  | 255.255.255.255 |   enp0s3  |   UH  |
[   10.857174] cloud-init[673]: ci-info: +-------+-------------+----------+-----------------+-----------+-------+
[   10.859267] cloud-init[673]: ci-info: +++++++++++++++++++Route IPv6 info+++++++++++++++++++
[   10.860854] cloud-init[673]: ci-info: +-------+-------------+---------+-----------+-------+
[   10.862802] cloud-init[673]: ci-info: | Route | Destination | Gateway | Interface | Flags |
[   10.864977] cloud-init[673]: ci-info: +-------+-------------+---------+-----------+-------+
[   10.866549] cloud-init[673]: ci-info: |   1   |  fe80::/64  |    ::   |   enp0s3  |   U   |
[   10.868016] cloud-init[673]: ci-info: |   3   |    local    |    ::   |   enp0s3  |   U   |
[   10.869811] cloud-init[673]: ci-info: |   4   |   ff00::/8  |    ::   |   enp0s3  |   U   |
[   10.871666] cloud-init[673]: ci-info: +-------+-------------+---------+-----------+-------+
[   11.790327] cloud-init[673]: Generating public/private rsa key pair.
[   11.793438] cloud-init[673]: Your identification has been saved in /etc/ssh/ssh_host_rsa_key.
[   11.795851] cloud-init[673]: Your public key has been saved in /etc/ssh/ssh_host_rsa_key.pub.
[   11.798271] cloud-init[673]: The key fingerprint is:
[   11.799635] cloud-init[673]: SHA256:lmwtGKHdu9g1TBeCVqib96yCaSxIA5Yc+0khSnCfIpg root@ubuntu-bionic
[   11.801238] cloud-init[673]: The key's randomart image is:
[   11.802436] cloud-init[673]: +---[RSA 2048]----+
[   11.803375] cloud-init[673]: |o .   .  +o .    |
[   11.804555] cloud-init[673]: |.* o + o+  . .   |
[   11.805313] cloud-init[673]: |E * = oo. . .    |
[   11.806139] cloud-init[673]: |o* o  .+ * .     |
[   11.806910] cloud-init[673]: |o o . .oS =      |
[   11.808109] cloud-init[673]: | o o  o=.+ .     |
[   11.809912] cloud-init[673]: |.... o..oo       |
[   11.811300] cloud-init[673]: |. . = .   o      |
[   11.812525] cloud-init[673]: |   o   ...       |
[   11.813887] cloud-init[673]: +----[SHA256]-----+
[   11.815077] cloud-init[673]: Generating public/private dsa key pair.
[   11.816768] cloud-init[673]: Your identification has been saved in /etc/ssh/ssh_host_dsa_key.
[   11.818847] cloud-init[673]: Your public key has been saved in /etc/ssh/ssh_host_dsa_key.pub.
[   11.821184] cloud-init[673]: The key fingerprint is:
[   11.836351] cloud-init[673]: SHA256:npw6Hjd7rR0AN+IYzqFnaxeNjEqdw+YzX++XmHinm4k root@ubuntu-bionic
[   11.839249] cloud-init[673]: The key's randomart image is:
[   11.840731] cloud-init[673]: +---[DSA 1024]----+
[   11.841894] cloud-init[673]: |                 |
[   11.843206] cloud-init[673]: |                 |
[   11.844627] cloud-init[673]: |      o o o      |
[   11.856648] cloud-init[673]: |     * O * .     |
[   11.858422] cloud-init[673]: |    o & S o      |
[   11.868632] cloud-init[673]: |   . * = + .     |
[   11.870494] cloud-init[673]: |    . B O .o.o . |
[   11.872112] cloud-init[673]: |     ..O +o+=++  |
[   11.873965] cloud-init[673]: |     .o.o.E+O=   |
[   11.875438] cloud-init[673]: +----[SHA256]-----+
[   11.876858] cloud-init[673]: Generating public/private ecdsa key pair.
[   11.878897] cloud-init[673]: Your identification has been saved in /etc/ssh/ssh_host_ecdsa_key.
[   11.882226] cloud-init[673]: Your public key has been saved in /etc/ssh/ssh_host_ecdsa_key.pub.
[   11.885136] cloud-init[673]: The key fingerprint is:
[   11.886564] cloud-init[673]: SHA256:vvYJxZfJGMJpy0UCngJpo1K5GHubDGY6x54d38ML31Q root@ubuntu-bionic
[   11.889237] cloud-init[673]: The key's randomart image is:
[   11.890793] cloud-init[673]: +---[ECDSA 256]---+
[   11.892753] cloud-init[673]: |  .o  ... .      |
[   11.894169] cloud-init[673]: |. *. . o +       |
[   11.895757] cloud-init[673]: | B o. o = o      |
[   11.897367] cloud-init[673]: |*oo  . o = + o   |
[   11.898548] cloud-init[673]: |== o    S + E    |
[   11.900250] cloud-init[673]: |o * .  . . o     |
[   11.901728] cloud-init[673]: | + o o.oo .      |
[   11.903602] cloud-init[673]: |  o . .o== .     |
[   11.917157] cloud-init[673]: |       .+++      |
[   11.918744] cloud-init[673]: +----[SHA256]-----+
[   11.919586] cloud-init[673]: Generating public/private ed25519 key pair.
[   11.933122] cloud-init[673]: Your identification has been saved in /etc/ssh/ssh_host_ed25519_key.
[   11.936659] cloud-init[673]: Your public key has been saved in /etc/ssh/ssh_host_ed25519_key.pub.
[   11.943543] cloud-init[673]: The key fingerprint is:
[   11.945047] cloud-init[673]: SHA256:aA3H8UmlHCpJ6SOHItmFbZPVMo20bln/IjiW7PaNc2k root@ubuntu-bionic
[   11.949081] cloud-init[673]: The key's randomart image is:
[   11.952887] cloud-init[673]: +--[ED25519 256]--+
[   11.954437] cloud-init[673]: |   o ++=. o..    |
[   11.955760] cloud-init[673]: |  . *.=+o* +     |
[   11.963116] cloud-init[673]: | o o +=o= =      |
[   11.967709] cloud-init[673]: |o o o.+O .       |
[   11.970837] cloud-init[673]: | . . o*.S .      |
[   11.988321] cloud-init[673]: |     + o   .     |
[   11.994232] cloud-init[673]: |      * . ...    |
[   11.997536] cloud-init[673]: |     o...+E.     |
[   12.007229] cloud-init[673]: |     ...o+.      |
[   12.011171] cloud-init[673]: +----[SHA256]-----+
[[0;32m  OK  [0m] Started Initial cloud-init job (metadata service crawler).
[[0;32m  OK  [0m] Reached target Cloud-config availability.
[[0;32m  OK  [0m] Reached target Network is Online.
         Starting Availability of block devices...
[[0;32m  OK  [0m] Reached target Remote File Systems (Pre).
[[0;32m  OK  [0m] Reached target Remote File Systems.
[[0;32m  OK  [0m] Reached target System Initialization.
[[0;32m  OK  [0m] Started ACPI Events Check.
[[0;32m  OK  [0m] Reached target Paths.
[[0;32m  OK  [0m] Started Discard unused blocks once a week.
         Starting Socket activation for snappy daemon.
[[0;32m  OK  [0m] Listening on Open-iSCSI iscsid Socket.
[[0;32m  OK  [0m] Started Daily Cleanup of Temporary Directories.
[[0;32m  OK  [0m] Started Ubuntu Advantage update messaging.
[[0;32m  OK  [0m] Started Daily apt download activities.
[[0;32m  OK  [0m] Listening on ACPID Listen Socket.
[[0;32m  OK  [0m] Listening on D-Bus System Message Bus Socket.
[[0;32m  OK  [0m] Started Message of the Day.
[[0;32m  OK  [0m] Started Daily apt upgrade and clean activities.
[[0;32m  OK  [0m] Reached target Timers.
         Starting LXD - unix socket.
[[0;32m  OK  [0m] Listening on UUID daemon activation socket.
[[0;32m  OK  [0m] Started Availability of block devices.
[[0;32m  OK  [0m] Listening on Socket activation for snappy daemon.
[[0;32m  OK  [0m] Listening on LXD - unix socket.
[[0;32m  OK  [0m] Reached target Sockets.
[[0;32m  OK  [0m] Reached target Basic System.
         Starting System Logging Service...
         Starting LSB: Record successful boot for GRUB...
         Starting LSB: automatic crash report generation...
         Starting Virtualbox guest utils...
[[0;32m  OK  [0m] Started irqbalance daemon.
         Starting Login Service...
         Starting Accounts Service...
[[0;32m  OK  [0m] Started D-Bus System Message Bus.
[[0;32m  OK  [0m] Started Regular background program processing daemon.
         Starting Dispatcher daemon for systemd-networkd...
[[0;32m  OK  [0m] Started Deferred execution scheduler.
         Starting LXD - container startup/shutdown...
         Starting Permit User Sessions...
[[0;32m  OK  [0m] Started FUSE filesystem for LXC.
         Starting Pollinate to seed the pseudo random number generator...
         Starting Snap Daemon...
[[0;32m  OK  [0m] Started System Logging Service.
[[0;32m  OK  [0m] Started Permit User Sessions.
[[0;32m  OK  [0m] Started Login Service.
[[0;32m  OK  [0m] Started LXD - container startup/shutdown.
         Starting Authorization Manager...
[[0;32m  OK  [0m] Started Unattended Upgrades Shutdown.
         Starting Terminate Plymouth Boot Screen...
         Starting Hold until boot process finishes up...
[[0;32m  OK  [0m] Started Hold until boot process finishes up.
         Starting Set console scheme...
[[0;32m  OK  [0m] Started Serial Getty on ttyS0.
[[0;32m  OK  [0m] Started Terminate Plymouth Boot Screen.
[[0;32m  OK  [0m] Started LSB: automatic crash report generation.
[[0;32m  OK  [0m] Started Set console scheme.
[[0;32m  OK  [0m] Created slice system-getty.slice.
[[0;32m  OK  [0m] Started Getty on tty1.
[[0;32m  OK  [0m] Reached target Login Prompts.
[[0;32m  OK  [0m] Started LSB: Record successful boot for GRUB.
[[0;32m  OK  [0m] Started Authorization Manager.
[[0;32m  OK  [0m] Started Accounts Service.
[[0;32m  OK  [0m] Started Virtualbox guest utils.
[[0;32m  OK  [0m] Started Dispatcher daemon for systemd-networkd.
[[0;32m  OK  [0m] Started Snap Daemon.
         Starting Wait until snapd is fully seeded...
[[0;32m  OK  [0m] Started Pollinate to seed the pseudo random number generator.
         Starting OpenBSD Secure Shell server...
[[0;32m  OK  [0m] Started OpenBSD Secure Shell server.
[[0;32m  OK  [0m] Created slice User Slice of vagrant.
         Starting User Manager for UID 1000...
[[0;32m  OK  [0m] Started Session 1 of user vagrant.
[[0;32m  OK  [0m] Started User Manager for UID 1000.
[[0;32m  OK  [0m] Started Wait until snapd is fully seeded.
[[0;32m  OK  [0m] Reached target Multi-User System.
[[0;32m  OK  [0m] Reached target Graphical Interface.
         Starting Update UTMP about System Runlevel Changes...
         Starting Apply the settings specified in cloud-config...
[[0;32m  OK  [0m] Started Update UTMP about System Runlevel Changes.
[   16.128887] cloud-init[1159]: Cloud-init v. 21.1-19-gbad84ad4-0ubuntu1~18.04.2 running 'modules:config' at Wed, 17 Aug 2022 13:21:26 +0000. Up 15.18 seconds.
[[0;32m  OK  [0m] Started Apply the settings specified in cloud-config.
         Starting Execute cloud user/final scripts...
ci-info: no authorized SSH keys fingerprints found for user ubuntu.
<14>Aug 17 13:21:28 ec2: 
<14>Aug 17 13:21:28 ec2: #############################################################
<14>Aug 17 13:21:28 ec2: -----BEGIN SSH HOST KEY FINGERPRINTS-----
<14>Aug 17 13:21:28 ec2: 1024 SHA256:npw6Hjd7rR0AN+IYzqFnaxeNjEqdw+YzX++XmHinm4k root@ubuntu-bionic (DSA)
<14>Aug 17 13:21:28 ec2: 256 SHA256:vvYJxZfJGMJpy0UCngJpo1K5GHubDGY6x54d38ML31Q root@ubuntu-bionic (ECDSA)
<14>Aug 17 13:21:28 ec2: 256 SHA256:aA3H8UmlHCpJ6SOHItmFbZPVMo20bln/IjiW7PaNc2k root@ubuntu-bionic (ED25519)
<14>Aug 17 13:21:28 ec2: 2048 SHA256:lmwtGKHdu9g1TBeCVqib96yCaSxIA5Yc+0khSnCfIpg root@ubuntu-bionic (RSA)
<14>Aug 17 13:21:28 ec2: -----END SSH HOST KEY FINGERPRINTS-----
<14>Aug 17 13:21:28 ec2: #############################################################
-----BEGIN SSH HOST KEY KEYS-----
ecdsa-sha2-nistp256 AAAAE2VjZHNhLXNoYTItbmlzdHAyNTYAAAAIbmlzdHAyNTYAAABBBHDiuD1AQYjvn4HJCvT80p1GuK7wQyhlU2I1zLmhIwM7Jryi1VvLzsG+U7+MzM1ZwFJeTpSnmIKaNvnf9VbXA2E= root@ubuntu-bionic
ssh-ed25519 AAAAC3NzaC1lZDI1NTE5AAAAIDi0soYMBwajrsBOIlBiU9qq5G1v4lNdh6mserS/Q1pX root@ubuntu-bionic
ssh-rsa AAAAB3NzaC1yc2EAAAADAQABAAABAQDRUe+5nqim35M62IiRWtejwqzhtIHzQGN2LrDsvEirudLaGQmI5vjadWnRx2cn4t+z14VaEvq0YqNDa3amXn166HdyOUr/Z42VxtwikmhRFnisLfg/uDzNvmJUFXQce0RER0YzlFombPe0af7b2uC+1uoUsGKy+WODjtFT/UVgJHG07jKjCt+4FC8socx9vj6ruYdAmcZKFSaGDFJMRBmrZj7ICUmgTxPqYltV3iT+gYTR24cnvkJ3B4dZdYjKFLf1R8wBWESu/BHKrFOmiE7XyUIk7MFbpfRokQtmqgWZ02Sj7O+NGA1MkFLRdWg2p3I099gbPIgfsteKNC3rXGEh root@ubuntu-bionic
-----END SSH HOST KEY KEYS-----
[   17.110476] cloud-init[1291]: Cloud-init v. 21.1-19-gbad84ad4-0ubuntu1~18.04.2 running 'modules:final' at Wed, 17 Aug 2022 13:21:28 +0000. Up 16.90 seconds.
[   17.113542] cloud-init[1291]: ci-info: no authorized SSH keys fingerprints found for user ubuntu.
[   17.115986] cloud-init[1291]: Cloud-init v. 21.1-19-gbad84ad4-0ubuntu1~18.04.2 finished at Wed, 17 Aug 2022 13:21:28 +0000. Datasource DataSourceNoCloud [seed=/dev/sdb][dsmode=net].  Up 17.08 seconds
[[0;32m  OK  [0m] Started Execute cloud user/final scripts.
[[0;32m  OK  [0m] Reached target Cloud-init target.

Ubuntu 18.04.5 LTS ubuntu-bionic ttyS0

ubuntu-bionic login: 