[    0.000000] Linux version 4.15.0-144-generic (buildd@lgw01-amd64-031) (gcc version 7.5.0 (Ubuntu 7.5.0-3ubuntu1~18.04)) #148-Ubuntu SMP Sat May 8 02:33:43 UTC 2021 (Ubuntu 4.15.0-144.148-generic 4.15.18)
[    0.000000] Command line: BOOT_IMAGE=/boot/vmlinuz-4.15.0-144-generic root=LABEL=cloudimg-rootfs ro console=tty1 console=ttyS0
[    0.000000] KERNEL supported cpus:
[    0.000000]   Intel GenuineIntel
[    0.000000]   AMD AuthenticAMD
[    0.000000]   Centaur CentaurHauls
[    0.000000] x86/fpu: Supporting XSAVE feature 0x001: 'x87 floating point registers'
[    0.000000] x86/fpu: Supporting XSAVE feature 0x002: 'SSE registers'
[    0.000000] x86/fpu: Supporting XSAVE feature 0x004: 'AVX registers'
[    0.000000] x86/fpu: xstate_offset[2]:  576, xstate_sizes[2]:  256
[    0.000000] x86/fpu: Enabled xstate features 0x7, context size is 832 bytes, using 'standard' format.
[    0.000000] e820: BIOS-provided physical RAM map:
[    0.000000] BIOS-e820: [mem 0x0000000000000000-0x000000000009fbff] usable
[    0.000000] BIOS-e820: [mem 0x000000000009fc00-0x000000000009ffff] reserved
[    0.000000] BIOS-e820: [mem 0x00000000000f0000-0x00000000000fffff] reserved
[    0.000000] BIOS-e820: [mem 0x0000000000100000-0x000000007ffeffff] usable
[    0.000000] BIOS-e820: [mem 0x000000007fff0000-0x000000007fffffff] ACPI data
[    0.000000] BIOS-e820: [mem 0x00000000fec00000-0x00000000fec00fff] reserved
[    0.000000] BIOS-e820: [mem 0x00000000fee00000-0x00000000fee00fff] reserved
[    0.000000] BIOS-e820: [mem 0x00000000fffc0000-0x00000000ffffffff] reserved
[    0.000000] NX (Execute Disable) protection: active
[    0.000000] SMBIOS 2.5 present.
[    0.000000] DMI: innotek GmbH VirtualBox/VirtualBox, BIOS VirtualBox 12/01/2006
[    0.000000] Hypervisor detected: KVM
[    0.000000] e820: last_pfn = 0x7fff0 max_arch_pfn = 0x400000000
[    0.000000] MTRR: Disabled
[    0.000000] x86/PAT: MTRRs disabled, skipping PAT initialization too.
[    0.000000] CPU MTRRs all blank - virtualized system.
[    0.000000] x86/PAT: Configuration [0-7]: WB  WT  UC- UC  WB  WT  UC- UC  
[    0.000000] found SMP MP-table at [mem 0x0009fff0-0x0009ffff]
[    0.000000] Scanning 1 areas for low memory corruption
[    0.000000] RAMDISK: [mem 0x359cf000-0x36cdefff]
[    0.000000] ACPI: Early table checksum verification disabled
[    0.000000] ACPI: RSDP 0x00000000000E0000 000024 (v02 VBOX  )
[    0.000000] ACPI: XSDT 0x000000007FFF0030 00003C (v01 VBOX   VBOXXSDT 00000001 ASL  00000061)
[    0.000000] ACPI: FACP 0x000000007FFF00F0 0000F4 (v04 VBOX   VBOXFACP 00000001 ASL  00000061)
[    0.000000] ACPI: DSDT 0x000000007FFF0470 002325 (v02 VBOX   VBOXBIOS 00000002 INTL 20120111)
[    0.000000] ACPI: FACS 0x000000007FFF0200 000040
[    0.000000] ACPI: FACS 0x000000007FFF0200 000040
[    0.000000] ACPI: APIC 0x000000007FFF0240 00005C (v02 VBOX   VBOXAPIC 00000001 ASL  00000061)
[    0.000000] ACPI: SSDT 0x000000007FFF02A0 0001CC (v01 VBOX   VBOXCPUT 00000002 INTL 20120111)
[    0.000000] No NUMA configuration found
[    0.000000] Faking a node at [mem 0x0000000000000000-0x000000007ffeffff]
[    0.000000] NODE_DATA(0) allocated [mem 0x7ffc5000-0x7ffeffff]
[    0.000000] kvm-clock: cpu 0, msr 0:7ff44001, primary cpu clock
[    0.000000] kvm-clock: Using msrs 4b564d01 and 4b564d00
[    0.000000] kvm-clock: using sched offset of 3620839593 cycles
[    0.000000] clocksource: kvm-clock: mask: 0xffffffffffffffff max_cycles: 0x1cd42e4dffb, max_idle_ns: 881590591483 ns
[    0.000000] Zone ranges:
[    0.000000]   DMA      [mem 0x0000000000001000-0x0000000000ffffff]
[    0.000000]   DMA32    [mem 0x0000000001000000-0x000000007ffeffff]
[    0.000000]   Normal   empty
[    0.000000]   Device   empty
[    0.000000] Movable zone start for each node
[    0.000000] Early memory node ranges
[    0.000000]   node   0: [mem 0x0000000000001000-0x000000000009efff]
[    0.000000]   node   0: [mem 0x0000000000100000-0x000000007ffeffff]
[    0.000000] Reserved but unavailable: 98 pages
[    0.000000] Initmem setup node 0 [mem 0x0000000000001000-0x000000007ffeffff]
[    0.000000] ACPI: PM-Timer IO Port: 0x4008
[    0.000000] IOAPIC[0]: apic_id 2, version 32, address 0xfec00000, GSI 0-23
[    0.000000] ACPI: INT_SRC_OVR (bus 0 bus_irq 0 global_irq 2 dfl dfl)
[    0.000000] ACPI: INT_SRC_OVR (bus 0 bus_irq 9 global_irq 9 low level)
[    0.000000] Using ACPI (MADT) for SMP configuration information
[    0.000000] smpboot: Allowing 2 CPUs, 0 hotplug CPUs
[    0.000000] PM: Registered nosave memory: [mem 0x00000000-0x00000fff]
[    0.000000] PM: Registered nosave memory: [mem 0x0009f000-0x0009ffff]
[    0.000000] PM: Registered nosave memory: [mem 0x000a0000-0x000effff]
[    0.000000] PM: Registered nosave memory: [mem 0x000f0000-0x000fffff]
[    0.000000] e820: [mem 0x80000000-0xfebfffff] available for PCI devices
[    0.000000] Booting paravirtualized kernel on KVM
[    0.000000] clocksource: refined-jiffies: mask: 0xffffffff max_cycles: 0xffffffff, max_idle_ns: 7645519600211568 ns
[    0.000000] random: get_random_bytes called from start_kernel+0x99/0x500 with crng_init=0
[    0.000000] setup_percpu: NR_CPUS:8192 nr_cpumask_bits:2 nr_cpu_ids:2 nr_node_ids:1
[    0.000000] percpu: Embedded 45 pages/cpu s147456 r8192 d28672 u1048576
[    0.000000] PV qspinlock hash table entries: 256 (order: 0, 4096 bytes)
[    0.000000] Built 1 zonelists, mobility grouping on.  Total pages: 515961
[    0.000000] Policy zone: DMA32
[    0.000000] Kernel command line: BOOT_IMAGE=/boot/vmlinuz-4.15.0-144-generic root=LABEL=cloudimg-rootfs ro console=tty1 console=ttyS0
[    0.000000] Memory: 2014908K/2096696K available (12300K kernel code, 2483K rwdata, 4316K rodata, 2448K init, 2724K bss, 81788K reserved, 0K cma-reserved)
[    0.000000] SLUB: HWalign=64, Order=0-3, MinObjects=0, CPUs=2, Nodes=1
[    0.000000] Kernel/User page tables isolation: enabled
[    0.000000] ftrace: allocating 39453 entries in 155 pages
[    0.004000] Hierarchical RCU implementation.
[    0.004000] 	RCU restricting CPUs from NR_CPUS=8192 to nr_cpu_ids=2.
[    0.004000] 	Tasks RCU enabled.
[    0.004000] RCU: Adjusting geometry for rcu_fanout_leaf=16, nr_cpu_ids=2
[    0.004000] NR_IRQS: 524544, nr_irqs: 440, preallocated irqs: 16
[    0.004000] Console: colour VGA+ 80x25
[    0.004000] console [tty1] enabled
[    0.004000] console [ttyS0] enabled
[    0.004000] ACPI: Core revision 20170831
[    0.004000] ACPI: 2 ACPI AML tables successfully acquired and loaded
[    0.004000] APIC: Switch to symmetric I/O mode setup
[    0.004000] x2apic enabled
[    0.004000] Switched APIC routing to physical x2apic.
[    0.004000] ..TIMER: vector=0x30 apic1=0 pin1=2 apic2=-1 pin2=-1
[    0.004003] tsc: Detected 3099.998 MHz processor
[    0.005445] Calibrating delay loop (skipped) preset value.. 6199.99 BogoMIPS (lpj=12399992)
[    0.008003] pid_max: default: 32768 minimum: 301
[    0.009240] Security Framework initialized
[    0.010327] Yama: becoming mindful.
[    0.012020] AppArmor: AppArmor initialized
[    0.014564] Dentry cache hash table entries: 262144 (order: 9, 2097152 bytes)
[    0.017059] Inode-cache hash table entries: 131072 (order: 8, 1048576 bytes)
[    0.020020] Mount-cache hash table entries: 4096 (order: 3, 32768 bytes)
[    0.021521] Mountpoint-cache hash table entries: 4096 (order: 3, 32768 bytes)
[    0.023515] Last level iTLB entries: 4KB 64, 2MB 8, 4MB 8
[    0.024003] Last level dTLB entries: 4KB 64, 2MB 0, 4MB 0, 1GB 4
[    0.025657] Spectre V1 : Mitigation: usercopy/swapgs barriers and __user pointer sanitization
[    0.028006] Spectre V2 : Mitigation: Full generic retpoline
[    0.032004] Spectre V2 : Spectre v2 / SpectreRSB mitigation: Filling RSB on context switch
[    0.034918] Speculative Store Bypass: Vulnerable
[    0.036025] SRBDS: Unknown: Dependent on hypervisor status
[    0.037445] MDS: Mitigation: Clear CPU buffers
[    0.038550] Freeing SMP alternatives memory: 36K
[    0.150184] smpboot: CPU0: Intel(R) Core(TM) i7-5557U CPU @ 3.10GHz (family: 0x6, model: 0x3d, stepping: 0x4)
[    0.152000] Performance Events: unsupported p6 CPU model 61 no PMU driver, software events only.
[    0.152050] Hierarchical SRCU implementation.
[    0.156554] NMI watchdog: Perf event create on CPU 0 failed with -2
[    0.159256] NMI watchdog: Perf NMI watchdog permanently disabled
[    0.160069] smp: Bringing up secondary CPUs ...
[    0.161391] x86: Booting SMP configuration:
[    0.162560] .... node  #0, CPUs:      #1
[    0.004000] kvm-clock: cpu 1, msr 0:7ff44041, secondary cpu clock
[    0.168017] smp: Brought up 1 node, 2 CPUs
[    0.169074] smpboot: Max logical packages: 1
[    0.170096] smpboot: Total of 2 processors activated (12399.99 BogoMIPS)
[    0.172122] devtmpfs: initialized
[    0.172864] x86/mm: Memory block size: 128MB
[    0.173967] evm: security.selinux
[    0.174730] evm: security.SMACK64
[    0.176003] evm: security.SMACK64EXEC
[    0.176891] evm: security.SMACK64TRANSMUTE
[    0.177817] evm: security.SMACK64MMAP
[    0.178625] evm: security.apparmor
[    0.179383] evm: security.ima
[    0.180003] evm: security.capability
[    0.180966] clocksource: jiffies: mask: 0xffffffff max_cycles: 0xffffffff, max_idle_ns: 7645041785100000 ns
[    0.182328] futex hash table entries: 512 (order: 3, 32768 bytes)
[    0.184037] pinctrl core: initialized pinctrl subsystem
[    0.185243] RTC time: 12:07:50, date: 08/17/22
[    0.186340] NET: Registered protocol family 16
[    0.188077] audit: initializing netlink subsys (disabled)
[    0.189771] audit: type=2000 audit(1660738075.110:1): state=initialized audit_enabled=0 res=1
[    0.192012] cpuidle: using governor ladder
[    0.192997] cpuidle: using governor menu
[    0.193907] ACPI: bus type PCI registered
[    0.194910] acpiphp: ACPI Hot Plug PCI Controller Driver version: 0.5
[    0.196119] PCI: Using configuration type 1 for base access
[    0.201113] HugeTLB registered 2.00 MiB page size, pre-allocated 0 pages
[    0.204064] ACPI: Added _OSI(Module Device)
[    0.205208] ACPI: Added _OSI(Processor Device)
[    0.206231] ACPI: Added _OSI(3.0 _SCP Extensions)
[    0.207251] ACPI: Added _OSI(Processor Aggregator Device)
[    0.208008] ACPI: Added _OSI(Linux-Dell-Video)
[    0.208980] ACPI: Added _OSI(Linux-Lenovo-NV-HDMI-Audio)
[    0.210129] ACPI: Added _OSI(Linux-HPI-Hybrid-Graphics)
[    0.212380] ACPI: Executed 1 blocks of module-level executable AML code
[    0.216723] ACPI: Interpreter enabled
[    0.217656] ACPI: (supports S0 S5)
[    0.218590] ACPI: Using IOAPIC for interrupt routing
[    0.219894] PCI: Using host bridge windows from ACPI; if necessary, use "pci=nocrs" and report a bug
[    0.220199] ACPI: Enabled 2 GPEs in block 00 to 07
[    0.230067] ACPI: PCI Root Bridge [PCI0] (domain 0000 [bus 00-ff])
[    0.231640] acpi PNP0A03:00: _OSC: OS supports [ASPM ClockPM Segments MSI]
[    0.232494] acpi PNP0A03:00: _OSC: not requesting OS control; OS requires [ExtendedConfig ASPM ClockPM MSI]
[    0.234967] acpi PNP0A03:00: fail to add MMCONFIG information, can't access extended PCI configuration space under this bridge.
[    0.236514] PCI host bridge to bus 0000:00
[    0.240003] pci_bus 0000:00: root bus resource [io  0x0000-0x0cf7 window]
[    0.241641] pci_bus 0000:00: root bus resource [io  0x0d00-0xffff window]
[    0.244004] pci_bus 0000:00: root bus resource [mem 0x000a0000-0x000bffff window]
[    0.245644] pci_bus 0000:00: root bus resource [mem 0x80000000-0xfdffffff window]
[    0.247278] pci_bus 0000:00: root bus resource [bus 00-ff]
[    0.250634] pci 0000:00:01.1: legacy IDE quirk: reg 0x10: [io  0x01f0-0x01f7]
[    0.252006] pci 0000:00:01.1: legacy IDE quirk: reg 0x14: [io  0x03f6]
[    0.256009] pci 0000:00:01.1: legacy IDE quirk: reg 0x18: [io  0x0170-0x0177]
[    0.258447] pci 0000:00:01.1: legacy IDE quirk: reg 0x1c: [io  0x0376]
[    0.294575] pci 0000:00:07.0: quirk: [io  0x4000-0x403f] claimed by PIIX4 ACPI
[    0.296024] pci 0000:00:07.0: quirk: [io  0x4100-0x410f] claimed by PIIX4 SMB
[    0.318197] ACPI: PCI Interrupt Link [LNKA] (IRQs 5 9 10 *11)
[    0.320592] ACPI: PCI Interrupt Link [LNKB] (IRQs 5 9 *10 11)
[    0.324089] ACPI: PCI Interrupt Link [LNKC] (IRQs 5 *9 10 11)
[    0.325718] ACPI: PCI Interrupt Link [LNKD] (IRQs 5 9 10 *11)
[    0.327456] SCSI subsystem initialized
[    0.328042] pci 0000:00:02.0: vgaarb: setting as boot VGA device
[    0.329377] pci 0000:00:02.0: vgaarb: VGA device added: decodes=io+mem,owns=io+mem,locks=none
[    0.332006] pci 0000:00:02.0: vgaarb: bridge control possible
[    0.333590] vgaarb: loaded
[    0.334246] ACPI: bus type USB registered
[    0.335158] usbcore: registered new interface driver usbfs
[    0.336009] usbcore: registered new interface driver hub
[    0.337163] usbcore: registered new device driver usb
[    0.339080] EDAC MC: Ver: 3.0.0
[    0.340348] PCI: Using ACPI for IRQ routing
[    0.344200] NetLabel: Initializing
[    0.345274] NetLabel:  domain hash size = 128
[    0.346549] NetLabel:  protocols = UNLABELED CIPSOv4 CALIPSO
[    0.348023] NetLabel:  unlabeled traffic allowed by default
[    0.352067] clocksource: Switched to clocksource kvm-clock
[    0.364796] VFS: Disk quotas dquot_6.6.0
[    0.365855] VFS: Dquot-cache hash table entries: 512 (order 0, 4096 bytes)
[    0.367593] AppArmor: AppArmor Filesystem Enabled
[    0.368825] pnp: PnP ACPI init
[    0.371005] pnp: PnP ACPI: found 3 devices
[    0.380056] clocksource: acpi_pm: mask: 0xffffff max_cycles: 0xffffff, max_idle_ns: 2085701024 ns
[    0.382667] NET: Registered protocol family 2
[    0.384206] TCP established hash table entries: 16384 (order: 5, 131072 bytes)
[    0.386526] TCP bind hash table entries: 16384 (order: 6, 262144 bytes)
[    0.388255] TCP: Hash tables configured (established 16384 bind 16384)
[    0.390750] UDP hash table entries: 1024 (order: 3, 32768 bytes)
[    0.392064] UDP-Lite hash table entries: 1024 (order: 3, 32768 bytes)
[    0.393612] NET: Registered protocol family 1
[    0.394606] pci 0000:00:00.0: Limiting direct PCI/PCI transfers
[    0.395939] pci 0000:00:01.0: Activating ISA DMA hang workarounds
[    0.397361] pci 0000:00:02.0: Video device with shadowed ROM at [mem 0x000c0000-0x000dffff]
[    0.399477] Unpacking initramfs...
[    0.646544] Freeing initrd memory: 19520K
[    0.648045] clocksource: tsc: mask: 0xffffffffffffffff max_cycles: 0x2caf45e6a57, max_idle_ns: 440795365367 ns
[    0.651374] platform rtc_cmos: registered platform RTC device (no PNP device found)
[    0.654710] Scanning for low memory corruption every 60 seconds
[    0.657412] Initialise system trusted keyrings
[    0.658912] Key type blacklist registered
[    0.660755] workingset: timestamp_bits=36 max_order=19 bucket_order=0
[    0.665067] zbud: loaded
[    0.669858] squashfs: version 4.0 (2009/01/31) Phillip Lougher
[    0.672915] fuse init (API version 7.26)
[    0.681176] Key type asymmetric registered
[    0.683522] Asymmetric key parser 'x509' registered
[    0.686278] Block layer SCSI generic (bsg) driver version 0.4 loaded (major 246)
[    0.690382] io scheduler noop registered
[    0.692344] io scheduler deadline registered
[    0.694306] io scheduler cfq registered (default)
[    0.697465] ACPI: AC Adapter [AC] (on-line)
[    0.699361] input: Power Button as /devices/LNXSYSTM:00/LNXPWRBN:00/input/input0
[    0.703160] ACPI: Power Button [PWRF]
[    0.705440] input: Sleep Button as /devices/LNXSYSTM:00/LNXSLPBN:00/input/input1
[    0.709198] ACPI: Sleep Button [SLPF]
[    0.712548] Serial: 8250/16550 driver, 32 ports, IRQ sharing enabled
[    0.737690] 00:02: ttyS0 at I/O 0x3f8 (irq = 4, base_baud = 115200) is a 16550A
[    0.741330] ACPI: Battery Slot [BAT0] (battery present)
[    0.741586] Linux agpgart interface v0.103
[    0.745370] loop: module loaded
[    0.746973] scsi host0: ata_piix
[    0.747908] scsi host1: ata_piix
[    0.748879] ata1: PATA max UDMA/33 cmd 0x1f0 ctl 0x3f6 bmdma 0xd000 irq 14
[    0.750511] ata2: PATA max UDMA/33 cmd 0x170 ctl 0x376 bmdma 0xd008 irq 15
[    0.752255] libphy: Fixed MDIO Bus: probed
[    0.753580] tun: Universal TUN/TAP device driver, 1.6
[    0.754768] PPP generic driver version 2.4.2
[    0.755777] ehci_hcd: USB 2.0 'Enhanced' Host Controller (EHCI) Driver
[    0.757229] ehci-pci: EHCI PCI platform driver
[    0.758216] ehci-platform: EHCI generic platform driver
[    0.759355] ohci_hcd: USB 1.1 'Open' Host Controller (OHCI) Driver
[    0.763156] ohci-pci: OHCI PCI platform driver
[    0.764690] ohci-platform: OHCI generic platform driver
[    0.766231] uhci_hcd: USB Universal Host Controller Interface driver
[    0.767709] i8042: PNP: PS/2 Controller [PNP0303:PS2K,PNP0f03:PS2M] at 0x60,0x64 irq 1,12
[    0.769976] serio: i8042 KBD port at 0x60,0x64 irq 1
[    0.771335] serio: i8042 AUX port at 0x60,0x64 irq 12
[    0.772617] mousedev: PS/2 mouse device common for all mice
[    0.774038] input: AT Translated Set 2 keyboard as /devices/platform/i8042/serio0/input/input2
[    0.776441] rtc_cmos rtc_cmos: rtc core: registered rtc_cmos as rtc0
[    0.777854] rtc_cmos rtc_cmos: alarms up to one day, 114 bytes nvram
[    0.779223] i2c /dev entries driver
[    0.780264] device-mapper: uevent: version 1.0.3
[    0.781515] device-mapper: ioctl: 4.37.0-ioctl (2017-09-20) initialised: dm-devel@redhat.com
[    0.783862] ledtrig-cpu: registered to indicate activity on CPUs
[    0.786089] NET: Registered protocol family 10
[    0.790065] Segment Routing with IPv6
[    0.791042] NET: Registered protocol family 17
[    0.792122] Key type dns_resolver registered
[    0.793458] mce: Using 0 MCE banks
[    0.794767] RAS: Correctable Errors collector initialized.
[    0.797651] sched_clock: Marking stable (797622155, 0)->(994943171, -197321016)
[    0.800614] registered taskstats version 1
[    0.801992] Loading compiled-in X.509 certificates
[    0.805263] Loaded X.509 cert 'Build time autogenerated kernel key: 1e5516648b223d94d04ce7d99e6048c9b3ebcb77'
[    0.808237] Loaded X.509 cert 'Canonical Ltd. Live Patch Signing: 14df34d1a87cf37625abec039ef2bf521249b969'
[    0.810921] Loaded X.509 cert 'Canonical Ltd. Kernel Module Signing: 88f752e560a1e0737e31163a466ad7b70a850c19'
[    0.813135] zswap: loaded using pool lzo/zbud
[    0.816879] Key type big_key registered
[    0.817778] Key type trusted registered
[    0.819915] Key type encrypted registered
[    0.821037] AppArmor: AppArmor sha1 policy hashing enabled
[    0.822317] ima: No TPM chip found, activating TPM-bypass! (rc=-19)
[    0.823672] ima: Allocated hash algorithm: sha1
[    0.824760] evm: HMAC attrs: 0x1
[    0.825837]   Magic number: 2:626:127
[    0.826700] acpi device:02: hash matches
[    0.827639] rtc_cmos rtc_cmos: setting system clock to 2022-08-17 12:07:50 UTC (1660738070)
[    0.829612] BIOS EDD facility v0.16 2004-Jun-25, 0 devices found
[    0.831151] EDD information not available.
[    1.131479] Freeing unused kernel image memory: 2448K
[    1.144493] Write protecting the kernel read-only data: 20480k
[    1.146970] Freeing unused kernel image memory: 2008K
[    1.148613] Freeing unused kernel image memory: 1828K
[    1.155252] x86/mm: Checked W+X mappings: passed, no W+X pages found.
[    1.156821] x86/mm: Checking user space page tables
[    1.163246] x86/mm: Checked W+X mappings: passed, no W+X pages found.
Loading, please wait...
starting version 237
[    1.218501] e1000: Intel(R) PRO/1000 Network Driver - version 7.3.21-k8-NAPI
[    1.220750] e1000: Copyright (c) 1999-2006 Intel Corporation.
[    1.225706] Fusion MPT base driver 3.04.20
[    1.227262] Copyright (c) 1999-2008 LSI Corporation
[    1.234423] Fusion MPT SPI Host driver 3.04.20
[    1.254163] AVX2 version of gcm_enc/dec engaged.
[    1.255762] AES CTR mode by8 optimization enabled
[    1.442036] input: ImExPS/2 Generic Explorer Mouse as /devices/platform/i8042/serio1/input/input4
[    1.643496] e1000 0000:00:03.0 eth0: (PCI:33MHz:32-bit) 02:98:b0:9b:6c:78
[    1.645726] e1000 0000:00:03.0 eth0: Intel(R) PRO/1000 Network Connection
[    1.648859] mptbase: ioc0: Initiating bringup
[    1.760361] ioc0: LSI53C1030 A0: Capabilities={Initiator}
[    2.006993] scsi host2: ioc0: LSI53C1030 A0, FwRev=00000000h, Ports=1, MaxQ=256, IRQ=20
[    2.177294] scsi 2:0:0:0: Direct-Access     VBOX     HARDDISK         1.0  PQ: 0 ANSI: 5
[    2.229337] scsi target2:0:0: Beginning Domain Validation
[    2.234518] scsi target2:0:0: Domain Validation skipping write tests
[    2.237145] scsi target2:0:0: Ending Domain Validation
[    2.238761] scsi target2:0:0: asynchronous
[    2.240556] scsi 2:0:1:0: Direct-Access     VBOX     HARDDISK         1.0  PQ: 0 ANSI: 5
[    2.496066] scsi target2:0:1: Beginning Domain Validation
[    2.498291] random: fast init done
[    2.500228] scsi target2:0:1: Domain Validation skipping write tests
[    2.502395] scsi target2:0:1: Ending Domain Validation
[    2.503617] scsi target2:0:1: asynchronous
[    2.509293] random: systemd-udevd: uninitialized urandom read (16 bytes read)
[    2.511074] random: systemd-udevd: uninitialized urandom read (16 bytes read)
[    2.512687] random: systemd-udevd: uninitialized urandom read (16 bytes read)
[    2.514702] sd 2:0:0:0: [sda] 83886080 512-byte logical blocks: (42.9 GB/40.0 GiB)
[    2.517605] sd 2:0:0:0: Attached scsi generic sg0 type 0
[    2.519358] sd 2:0:0:0: [sda] Write Protect is off
[    2.521132] sd 2:0:0:0: [sda] Incomplete mode parameter data
[    2.522841] sd 2:0:0:0: [sda] Assuming drive cache: write through
[    2.526277] sd 2:0:1:0: [sdb] 20480 512-byte logical blocks: (10.5 MB/10.0 MiB)
[    2.529350] sd 2:0:1:0: Attached scsi generic sg1 type 0
[    2.531039] sd 2:0:1:0: [sdb] Write Protect is off
[    2.534391] sd 2:0:1:0: [sdb] Incomplete mode parameter data
[    2.540384] sd 2:0:1:0: [sdb] Assuming drive cache: write through
[    2.547980]  sda: sda1
[    2.549992] sd 2:0:1:0: [sdb] Attached SCSI disk
[    2.553175] sd 2:0:0:0: [sda] Attached SCSI disk
[    2.646133] e1000 0000:00:08.0 eth1: (PCI:33MHz:32-bit) 08:00:27:13:52:44
[    2.647739] e1000 0000:00:08.0 eth1: Intel(R) PRO/1000 Network Connection
[    2.650515] e1000 0000:00:03.0 enp0s3: renamed from eth0
[    2.668482] e1000 0000:00:08.0 enp0s8: renamed from eth1
Begin: Loading essential drivers ... [    4.280105] raid6: sse2x1   gen() 10492 MB/s
[    4.328110] raid6: sse2x1   xor()  6834 MB/s
[    4.376101] raid6: sse2x2   gen() 10656 MB/s
[    4.424459] raid6: sse2x2   xor()  3844 MB/s
[    4.476921] raid6: sse2x4   gen()  5328 MB/s
[    4.532418] raid6: sse2x4   xor()   753 MB/s
[    4.604442] raid6: avx2x1   gen()  3601 MB/s
[    4.656688] raid6: avx2x1   xor()  1681 MB/s
[    4.712099] raid6: avx2x2   gen() 15847 MB/s
[    4.760560] raid6: avx2x2   xor() 14781 MB/s
[    4.808091] raid6: avx2x4   gen() 29405 MB/s
[    4.856077] raid6: avx2x4   xor() 17606 MB/s
[    4.857658] raid6: using algorithm avx2x4 gen() 29405 MB/s
[    4.858934] raid6: .... xor() 17606 MB/s, rmw enabled
[    4.860022] raid6: using avx2x2 recovery algorithm
[    4.862827] xor: automatically using best checksumming function   avx       
[    4.865834] async_tx: api initialized (async)
done.
Begin: Running /scripts/init-premount ... done.
Begin: Mounting root file system ... Begin: Running /scripts/local-top ... done.
Begin: Running /scripts/local-premount ... [    4.920814] Btrfs loaded, crc32c=crc32c-intel
Scanning for Btrfs filesystems
done.
Warning: fsck not present, so skipping root file system
[    4.993382] EXT4-fs (sda1): mounted filesystem with ordered data mode. Opts: (null)
done.
Begin: Running /scripts/local-bottom ... done.
Begin: Running /scripts/init-bottom ... done.
[    5.372420] ip_tables: (C) 2000-2006 Netfilter Core Team
[    5.383949] systemd[1]: systemd 237 running in system mode. (+PAM +AUDIT +SELINUX +IMA +APPARMOR +SMACK +SYSVINIT +UTMP +LIBCRYPTSETUP +GCRYPT +GNUTLS +ACL +XZ +LZ4 +SECCOMP +BLKID +ELFUTILS +KMOD -IDN2 +IDN -PCRE2 default-hierarchy=hybrid)
[    5.392400] systemd[1]: Detected virtualization oracle.
[    5.394604] systemd[1]: Detected architecture x86-64.

Welcome to [1mUbuntu 18.04.5 LTS[0m!

[    5.403356] systemd[1]: Set hostname to <ubuntu>.
[    5.409325] systemd[1]: Initializing machine ID from random generator.
[    5.413295] systemd[1]: Installed transient /etc/machine-id file.
[    5.664904] systemd[1]: Reached target Swap.
[[0;32m  OK  [0m] Reached target Swap.
[    5.672562] systemd[1]: Created slice User and Session Slice.
[[0;32m  OK  [0m] Created slice User and Session Slice.
[    5.690092] systemd[1]: Reached target System Time Synchronized.
[[0;32m  OK  [0m] Reached target System Time Synchronized.
[    5.698136] systemd[1]: Reached target User and Group Name Lookups.
[[0;32m  OK  [0m] Reached target User and Group Name Lookups.
[[0;32m  OK  [0m] Started Forward Password Requests to Wall Directory Watch.
[[0;32m  OK  [0m] Set up automount Arbitrary Executab…rmats File System Automount Point.
[[0;32m  OK  [0m] Created slice System Slice.
[[0;32m  OK  [0m] Listening on Journal Audit Socket.
[[0;32m  OK  [0m] Listening on udev Control Socket.
[[0;32m  OK  [0m] Listening on Journal Socket.
         Starting Set the console keyboard layout...
         Mounting POSIX Message Queue File System...
[[0;32m  OK  [0m] Listening on LVM2 poll daemon socket.
         Starting Create list of required st…ce nodes for the current kernel...
[[0;32m  OK  [0m] Listening on Device-mapper event daemon FIFOs.
         Mounting Huge Pages File System...
[[0;32m  OK  [0m] Listening on Network Service Netlink Socket.
[[0;32m  OK  [0m] Listening on udev Kernel Socket.
         Starting udev Coldplug all Devices...
[[0;32m  OK  [0m] Listening on /dev/initctl Compatibility Named Pipe.
         Starting Load Kernel Modules...
         Mounting Kernel Debug File System...
[[0;32m  OK  [0m] Created slice system-serial\x2dgetty.slice.
[[0;32m  OK  [0m] Listening on fsck to fsckd communication Socket.
         Starting File System Check on Root Device...
[[0;32m  OK  [0m] Listening on LVM2 metadata daemon socket.
         Starting Monitoring of LVM2 mirrors…ng dmeventd or progress polling...
         Starting Uncomplicated firewall...
[[0;32m  OK  [0m] Listening on Journal Socket (/dev/log).
[[0;32m  OK  [0m] Reached target Slices.
[    6.005749] Loading iSCSI transport class v2.0-870.
[    6.015747] iscsi: registered transport (tcp)
[    6.031530] iscsi: registered transport (iser)
[[0;32m  OK  [0m] Listening on Syslog Socket.
         Starting Journal Service...
[[0;32m  OK  [0m] Started Set the console keyboard layout.
[[0;32m  OK  [0m] Mounted POSIX Message Queue File System.
[[0;32m  OK  [0m] Started Create list of required sta…vice nodes for the current kernel.
[[0;32m  OK  [0m] Mounted Huge Pages File System.
[[0;32m  OK  [0m] Started Load Kernel Modules.
[[0;32m  OK  [0m] Mounted Kernel Debug File System.
[[0;32m  OK  [0m] Started Uncomplicated firewall.
[[0;32m  OK  [0m] Started LVM2 metadata daemon.
[[0;32m  OK  [0m] Started File System Check Daemon to report status.
         Mounting Kernel Configuration File System...
         Mounting FUSE Control File System...
         Starting Apply Kernel Variables...
         Starting Create Static Device Nodes in /dev...
[[0;32m  OK  [0m] Started File System Check on Root Device.
[[0;32m  OK  [0m] Mounted Kernel Configuration File System.
[[0;32m  OK  [0m] Mounted FUSE Control File System.
[[0;32m  OK  [0m] Started udev Coldplug all Devices.
         Starting Remount Root and Kernel File Systems...
[[0;32m  OK  [0m] Started Create Static Device Nodes in /dev.
[[0;32m  OK  [0m] Started Monitoring of LVM2 mirrors,…sing dmeventd or progress polling.
[[0;32m  OK  [0m] Started Journal Service.
[[0;32m  OK  [0m] Started Apply Kernel Variables.
[[0;32m  OK  [0m] Started Remount Root and Kernel File Systems.
[[0;32m  OK  [0m] Reached target Local File Systems (Pre).
[[0;32m  OK  [0m] Reached target Local File Systems.
         Starting AppArmor initialization...
         Starting Tell Plymouth To Write Out Runtime Data...
         Starting ebtables ruleset management...
         Starting Set console font and keymap...
         Starting Commit a transient machine-id on disk...
         Starting udev Kernel Device Manager...
         Starting Flush Journal to Persistent Storage...
         Starting Load/Save Random Seed...
[[0;32m  OK  [0m] Started Tell Plymouth To Write Out Runtime Data.
[[0;32m  OK  [0m] Started Set console font and keymap.
[[0;32m  OK  [0m] Started udev Kernel Device Manager.
[[0;32m  OK  [0m] Started Dispatch Password Requests to Console Directory Watch.
[[0;32m  OK  [0m] Reached target Local Encrypted Volumes.
[[0;32m  OK  [0m] Started Load/Save Random Seed.
[[0;32m  OK  [0m] Started Commit a transient machine-id on disk.
[[0;32m  OK  [0m] Started Flush Journal to Persistent Storage.
         Starting Create Volatile Files and Directories...
[[0;32m  OK  [0m] Started ebtables ruleset management.
[[0;32m  OK  [0m] Started Create Volatile Files and Directories.
         Starting Update UTMP about System Boot/Shutdown...
[[0;32m  OK  [0m] Started Update UTMP about System Boot/Shutdown.
[[0;32m  OK  [0m] Found device /dev/ttyS0.
[[0;32m  OK  [0m] Listening on Load/Save RF Kill Switch Status /dev/rfkill Watch.
[[0;32m  OK  [0m] Started AppArmor initialization.
         Starting Initial cloud-init job (pre-networking)...
         Starting Load AppArmor profiles managed internally by snapd...
[[0;32m  OK  [0m] Started Load AppArmor profiles managed internally by snapd.
[   15.247878] cloud-init[580]: Cloud-init v. 21.1-19-gbad84ad4-0ubuntu1~18.04.2 running 'init-local' at Wed, 17 Aug 2022 12:08:04 +0000. Up 14.64 seconds.
[[0;32m  OK  [0m] Started Initial cloud-init job (pre-networking).
[[0;32m  OK  [0m] Reached target Network (Pre).
         Starting Network Service...
[[0;32m  OK  [0m] Started Network Service.
         Starting Network Name Resolution...
         Starting Wait for Network to be Configured...
[[0;32m  OK  [0m] Started Network Name Resolution.
[[0;32m  OK  [0m] Reached target Network.
[[0;32m  OK  [0m] Reached target Host and Network Name Lookups.
[[0;32m  OK  [0m] Started Wait for Network to be Configured.
         Starting Initial cloud-init job (metadata service crawler)...
[   18.266049] cloud-init[682]: Cloud-init v. 21.1-19-gbad84ad4-0ubuntu1~18.04.2 running 'init' at Wed, 17 Aug 2022 12:08:07 +0000. Up 18.03 seconds.
[   18.268677] cloud-init[682]: ci-info: ++++++++++++++++++++++++++++++++++++++Net device info+++++++++++++++++++++++++++++++++++++++
[   18.272719] cloud-init[682]: ci-info: +--------+-------+----------------------------+---------------+--------+-------------------+
[   18.277585] cloud-init[682]: ci-info: | Device |   Up  |          Address           |      Mask     | Scope  |     Hw-Address    |
[   18.279752] cloud-init[682]: ci-info: +--------+-------+----------------------------+---------------+--------+-------------------+
[   18.292808] cloud-init[682]: ci-info: | enp0s3 |  True |         10.0.2.15          | 255.255.255.0 | global | 02:98:b0:9b:6c:78 |
[   18.295723] cloud-init[682]: ci-info: | enp0s3 |  True | fe80::98:b0ff:fe9b:6c78/64 |       .       |  link  | 02:98:b0:9b:6c:78 |
[   18.297380] cloud-init[682]: ci-info: | enp0s8 | False |             .              |       .       |   .    | 08:00:27:13:52:44 |
[   18.299733] cloud-init[682]: ci-info: |   lo   |  True |         127.0.0.1          |   255.0.0.0   |  host  |         .         |
[   18.301527] cloud-init[682]: ci-info: |   lo   |  True |          ::1/128           |       .       |  host  |         .         |
[   18.305037] cloud-init[682]: ci-info: +--------+-------+----------------------------+---------------+--------+-------------------+
[   18.312411] cloud-init[682]: ci-info: ++++++++++++++++++++++++++++Route IPv4 info+++++++++++++++++++++++++++++
[   18.328275] cloud-init[682]: ci-info: +-------+-------------+----------+-----------------+-----------+-------+
[   18.329972] cloud-init[682]: ci-info: | Route | Destination | Gateway  |     Genmask     | Interface | Flags |
[   18.332157] cloud-init[682]: ci-info: +-------+-------------+----------+-----------------+-----------+-------+
[   18.334767] cloud-init[682]: ci-info: |   0   |   0.0.0.0   | 10.0.2.2 |     0.0.0.0     |   enp0s3  |   UG  |
[   18.336826] cloud-init[682]: ci-info: |   1   |   10.0.2.0  | 0.0.0.0  |  255.255.255.0  |   enp0s3  |   U   |
[   18.346744] cloud-init[682]: ci-info: |   2   |   10.0.2.2  | 0.0.0.0  | 255.255.255.255 |   enp0s3  |   UH  |
[   18.349484] cloud-init[682]: ci-info: +-------+-------------+----------+-----------------+-----------+-------+
[   18.351477] cloud-init[682]: ci-info: +++++++++++++++++++Route IPv6 info+++++++++++++++++++
[   18.353039] cloud-init[682]: ci-info: +-------+-------------+---------+-----------+-------+
[   18.356579] cloud-init[682]: ci-info: | Route | Destination | Gateway | Interface | Flags |
[   18.361331] cloud-init[682]: ci-info: +-------+-------------+---------+-----------+-------+
[   18.363520] cloud-init[682]: ci-info: |   1   |  fe80::/64  |    ::   |   enp0s3  |   U   |
[   18.376807] cloud-init[682]: ci-info: |   3   |    local    |    ::   |   enp0s3  |   U   |
[   18.388960] cloud-init[682]: ci-info: |   4   |   ff00::/8  |    ::   |   enp0s3  |   U   |
[   18.394057] cloud-init[682]: ci-info: +-------+-------------+---------+-----------+-------+
[   19.465519] cloud-init[682]: Generating public/private rsa key pair.
[   19.466694] cloud-init[682]: Your identification has been saved in /etc/ssh/ssh_host_rsa_key.
[   19.469346] cloud-init[682]: Your public key has been saved in /etc/ssh/ssh_host_rsa_key.pub.
[   19.484257] cloud-init[682]: The key fingerprint is:
[   19.485406] cloud-init[682]: SHA256:PWQ/QrJxvWCk+mcD/hsTXah66tdDDBtPkRgKz9fdY7I root@ubuntu-bionic
[   19.500387] cloud-init[682]: The key's randomart image is:
[   19.516278] cloud-init[682]: +---[RSA 2048]----+
[   19.516934] cloud-init[682]: |      .   oo .   |
[   19.518071] cloud-init[682]: |       + +.ooo . |
[   19.528258] cloud-init[682]: |        B O +ooo.|
[   19.529013] cloud-init[682]: |       . %o=.o+ .|
[   19.529839] cloud-init[682]: |      . S *B=E   |
[   19.530532] cloud-init[682]: |       o o.++.   |
[   19.531370] cloud-init[682]: |        + Bo     |
[   19.532513] cloud-init[682]: |         *.+o    |
[   19.533615] cloud-init[682]: |       .o.o. .   |
[   19.544556] cloud-init[682]: +----[SHA256]-----+
[   19.546525] cloud-init[682]: Generating public/private dsa key pair.
[   19.549590] cloud-init[682]: Your identification has been saved in /etc/ssh/ssh_host_dsa_key.
[   19.550829] cloud-init[682]: Your public key has been saved in /etc/ssh/ssh_host_dsa_key.pub.
[   19.551914] cloud-init[682]: The key fingerprint is:
[[0;32m  OK  [0m] Started Initial cloud-init job (metadata service crawler).
[[0;32m  OK  [0m] Reached target System Initialization.
[[0;32m  OK  [0m] Started Ubuntu Advantage update messaging.
[   19.559888] cloud-init[682]: SHA256:CuRDiKOZtkrOKeI9aTbRvjqf30j0wVFlwX8aHoL6QSU root@ubuntu-bionic
[   19.567786] cloud-init[682]: The key's randomart image is:
[   19.568974] cloud-init[682]: +---[DSA 1024]----+
[   19.569953] cloud-init[682]: |           .o+.  |
[   19.571006] cloud-init[682]: | . .      E o.   |
[   19.573515] cloud-init[682]: |o . o    . +  .  |
[[0;32m  OK  [0m] Started ACPI Events Check.
[[0;32m  OK  [0m] Listening on D-Bus System Message Bus Socket.
[   19.578390] cloud-init[682]: |.+ +    . + . o..|
[   19.586672] cloud-init[682]: |+.  =  .S=   o +.|
[   19.588628] cloud-init[682]: |. .. +..o o   o  |
[[0;32m  OK  [0m] Reached target Paths.
[[0;32m  OK  [0m] Started Discard unused blocks once a week.
[[0;32m  OK  [0m] Listening on ACPID Listen Socket.
[[0;32m  OK  [0m] Started Message of the Day.
[[0;32m  OK  [0m] Listening on UUID daemon activation socket.
[   19.593623] cloud-init[682]: | o  + .. o .     |
[   19.685564] cloud-init[682]: |B oB .o o .      |
         Starting Socket activation for snappy daemon.
[   19.699289] cloud-init[682]: |==oo*+oo .       |
         Starting LXD - unix socket.
[[0;32m  OK  [0m] Started Daily Cleanup of Temporary Directories.
[[0;32m  OK  [0m] Listening on Open-iSCSI iscsid Socket.
[   19.719498] cloud-init[682]: +----[SHA256]-----+
[   19.744218] cloud-init[682]: Generating public/private ecdsa key pair.
[   19.745447] cloud-init[682]: Your identification has been saved in /etc/ssh/ssh_host_ecdsa_key.
[   19.746879] cloud-init[682]: Your public key has been saved in /etc/ssh/ssh_host_ecdsa_key.pub.
[   19.749726] cloud-init[682]: The key fingerprint is:
[[0;32m  OK  [0m] Started Daily apt download activities.
[[0;32m  OK  [0m] Started Daily apt upgrade and clean activities.
[[0;32m  OK  [0m] Reached target Timers.
[[   19.753232] [0;32m  OK  [0mcloud-init] [682]: Reached target Network is Online.SHA256:qQi+8WFTs8/Ml8QnJ0KNum00XGTiJcjXDMjhcbaQFq0 root@ubuntu-bionic

[   19.948503] cloud-init[682]: The key's randomart image is:
[   19.950467] cloud-init[682]: +---[ECDSA 256]---+
[   19.951544] cloud-init[682]: |     o=B++       |
[   19.952317] cloud-init[682]: |     .B==.*      |
         [   19.964222] cloud-init[682]: |     ..+.O       |
Starting Availability of block devices...
[[   19.964976] cloud-init[682]: |      E +.o      |
[   19.966670] cloud-init[682]: |  .   o+So       |
[   19.967684] cloud-init[682]: | . . o.+= = o    |
[0;32m  OK  [0m] Reached target Remote File Systems (Pre).
[[0;32m  OK  [0m[   19.968121] ] cloud-initReached target Remote File Systems.[682]: 
|  o = o+ + *     |
[[   19.984941] cloud-init[682]: |   = o.=o o      |
[   19.985051] cloud-init[682]: |  . .  .=.       |
[0;32m  OK  [0m] Reached target Cloud-config availability.
[   19.986677] cloud-init[682]: +----[SHA256]-----+
[[   19.996680] cloud-init[682]: Generating public/private ed25519 key pair.
[   19.996789] cloud-init[682]: Your identification has been saved in /etc/ssh/ssh_host_ed25519_key.
[0;32m  OK  [0m[   19.998820] ] cloud-initListening on Socket activation for snappy daemon.[682]: 
Your public key has been saved in /etc/ssh/ssh_host_ed25519_key.pub.
[[   20.012287] cloud-init[682]: The key fingerprint is:
[   20.012418] cloud-init[682]: SHA256:21l3Bpe2X5AEnmFI81TBi3iaXqtxzxy69F91rclWJ7M root@ubuntu-bionic
[0;32m  OK  [0m[   20.014216] ] cloud-initListening on LXD - unix socket.[682]: 
The key's randomart image is:
[   20.016657] cloud-init[682]: +--[ED25519 256]--+
[   20.017808] cloud-init[682]: |         .o.=++. |
[   20.018852] cloud-init[682]: |          .* +...|
[[   20.020010] cloud-init[682]: |           .+.++.|
[   20.020330] cloud-init[682]: |          . o o+o|
[   20.021513] cloud-init[682]: |        S  +. +.X|
[0;32m  OK  [0m] Started Availability of block devices.
[   20.021666] cloud-init[682]: |         ooo.o X*|
[[   20.027990] cloud-init[682]: |        ..+.o.E o|
[   20.028212] cloud-init[682]: |          .+.B ..|
[   20.028838] cloud-init[682]: |          ..o.=..|
[0;32m  OK  [0m] Reached target Sockets.
[[   20.029224] cloud-init[682]: +----[SHA256]-----+
[0;32m  OK  [0m] Reached target Basic System.
         Starting System Logging Service...
         Starting LSB: Record successful boot for GRUB...
         Starting LXD - container startup/shutdown...
[[0;32m  OK  [0m] Started Deferred execution scheduler.
         Starting Pollinate to seed the pseudo random number generator...
         Starting Permit User Sessions...
         Starting Virtualbox guest utils...
[[0;32m  OK  [0m] Started D-Bus System Message Bus.
[[0;32m  OK  [0m] Started irqbalance daemon.
         Starting Login Service...
[[0;32m  OK  [0m] Started FUSE filesystem for LXC.
         Starting Dispatcher daemon for systemd-networkd...
         Starting Accounts Service...
[[0;32m  OK  [0m] Started Regular background program processing daemon.
         Starting LSB: automatic crash report generation...
         Starting Snap Daemon...
[[0;32m  OK  [0m] Started System Logging Service.
[[0;32m  OK  [0m] Started LXD - container startup/shutdown.
[[0;32m  OK  [0m] Started Permit User Sessions.
[[0;32m  OK  [0m] Started Login Service.
         Starting Authorization Manager...
[[0;32m  OK  [0m] Started Unattended Upgrades Shutdown.
         Starting Terminate Plymouth Boot Screen...
         Starting Hold until boot process finishes up...
[[0;32m  OK  [0m] Started Hold until boot process finishes up.
[[0;32m  OK  [0m] Started Serial Getty on ttyS0.
         Starting Set console scheme...
[[0;32m  OK  [0m] Started Terminate Plymouth Boot Screen.
[[0;32m  OK  [0m] Started LSB: automatic crash report generation.
[[0;32m  OK  [0m] Started LSB: Record successful boot for GRUB.
[[0;32m  OK  [0m] Started Set console scheme.
[[0;32m  OK  [0m] Created slice system-getty.slice.
[[0;32m  OK  [0m] Started Getty on tty1.
[[0;32m  OK  [0m] Reached target Login Prompts.
[[0;32m  OK  [0m] Started Authorization Manager.
[[0;32m  OK  [0m] Started Accounts Service.
[[0;32m  OK  [0m] Started Virtualbox guest utils.
[[0;32m  OK  [0m] Started Dispatcher daemon for systemd-networkd.
[[0;32m  OK  [0m] Started Snap Daemon.
         Starting Wait until snapd is fully seeded...
[[0;32m  OK  [0m] Started Wait until snapd is fully seeded.
         Starting Apply the settings specified in cloud-config...
[   23.920590] cloud-init[1090]: Cloud-init v. 21.1-19-gbad84ad4-0ubuntu1~18.04.2 running 'modules:config' at Wed, 17 Aug 2022 12:08:12 +0000. Up 23.25 seconds.
[[0;32m  OK  [0m] Started Pollinate to seed the pseudo random number generator.
         Starting OpenBSD Secure Shell server...
[[0;32m  OK  [0m] Started OpenBSD Secure Shell server.
[[0;32m  OK  [0m] Reached target Multi-User System.
[[0;32m  OK  [0m] Reached target Graphical Interface.
         Starting Update UTMP about System Runlevel Changes...
[[0;32m  OK  [0m] Started Update UTMP about System Runlevel Changes.
[[0;32m  OK  [0m] Started Apply the settings specified in cloud-config.
         Starting Execute cloud user/final scripts...
[[0;32m  OK  [0m] Created slice User Slice of vagrant.
         Starting User Manager for UID 1000...
[[0;32m  OK  [0m] Started Session 1 of user vagrant.
[[0;32m  OK  [0m] Started User Manager for UID 1000.
ci-info: no authorized SSH keys fingerprints found for user ubuntu.
<14>Aug 17 12:08:15 ec2: 
<14>Aug 17 12:08:15 ec2: #############################################################
<14>Aug 17 12:08:15 ec2: -----BEGIN SSH HOST KEY FINGERPRINTS-----
<14>Aug 17 12:08:15 ec2: 1024 SHA256:CuRDiKOZtkrOKeI9aTbRvjqf30j0wVFlwX8aHoL6QSU root@ubuntu-bionic (DSA)
<14>Aug 17 12:08:15 ec2: 256 SHA256:qQi+8WFTs8/Ml8QnJ0KNum00XGTiJcjXDMjhcbaQFq0 root@ubuntu-bionic (ECDSA)
<14>Aug 17 12:08:15 ec2: 256 SHA256:21l3Bpe2X5AEnmFI81TBi3iaXqtxzxy69F91rclWJ7M root@ubuntu-bionic (ED25519)
<14>Aug 17 12:08:15 ec2: 2048 SHA256:PWQ/QrJxvWCk+mcD/hsTXah66tdDDBtPkRgKz9fdY7I root@ubuntu-bionic (RSA)
<14>Aug 17 12:08:15 ec2: -----END SSH HOST KEY FINGERPRINTS-----
<14>Aug 17 12:08:15 ec2: #############################################################
-----BEGIN SSH HOST KEY KEYS-----
ecdsa-sha2-nistp256 AAAAE2VjZHNhLXNoYTItbmlzdHAyNTYAAAAIbmlzdHAyNTYAAABBBHa1y+yDYqO9eQ0UNTgKU+ouvE1qsPoGLwuXUtNFJGPL/UJOd9BeHEQa5RKTND2TJHtLLSN2dLytvMFrDsUuvWg= root@ubuntu-bionic
ssh-ed25519 AAAAC3NzaC1lZDI1NTE5AAAAIOz/UVmTijOAWIQZn5Ujzn69xe+flZFE51+2J9gEBKZ+ root@ubuntu-bionic
ssh-rsa AAAAB3NzaC1yc2EAAAADAQABAAABAQDFt1xT9OUf4p0ZsCeETejlSg03PHLZbfJoeJB1nWxjK79XDFmxHASoUJuHyX3bEcEgIVn5THbxVnIGSH65DVYG2pJv6csmGf4zBtZQV96OGIYD+nMrNZmtCKSVliTAFMxxGVsTxSOE2wehdFi35Z6b9g/NXImxeVoDBibE+VOl3vosNGRxB9AQ6yJkmhJ09U1p/zxp1l+4jI+K431QJp0CbtCFFhA4nKSP0iC6QIPLO7R6I2WjvAshpBtGwrLlz681ZtR87u2LYK1lt1jYZwC2z8jW5/+Evv8AhisTMwxId0U887H2kGmUkMZyG8mbyNmN4sZl+d0dTMOsWcwPjvqx root@ubuntu-bionic
-----END SSH HOST KEY KEYS-----
[   25.507795] cloud-init[1186]: Cloud-init v. 21.1-19-gbad84ad4-0ubuntu1~18.04.2 running 'modules:final' at Wed, 17 Aug 2022 12:08:14 +0000. Up 25.19 seconds.
[   25.515909] cloud-init[1186]: ci-info: no authorized SSH keys fingerprints found for user ubuntu.
[   25.519874] cloud-init[1186]: Cloud-init v. 21.1-19-gbad84ad4-0ubuntu1~18.04.2 finished at Wed, 17 Aug 2022 12:08:15 +0000. Datasource DataSourceNoCloud [seed=/dev/sdb][dsmode=net].  Up 25.50 seconds
[[0;32m  OK  [0m] Started Execute cloud user/final scripts.
[[0;32m  OK  [0m] Reached target Cloud-init target.

Ubuntu 18.04.5 LTS ubuntu-bionic ttyS0

ubuntu-bionic login:                                                                                                                                                                                                              